
Started GET /posts for :: ::1 at Sat Jun 15 2024 20:35:40 GMT-0400 (hora estándar de Chile)
  Parameters in body: {}
Started GET /posts for :: ::1 at Sat Jun 15 2024 20:35:40 GMT-0400 (hora estándar de Chile)
  Parameters in body: {}
Completed: 200 message:  Time response: 151 ms Request ID: [84f7a815-8eb9-4a4e-81bd-92a4c17ead3c]

Completed: 304 message:  Time response: 4 ms Request ID: [c38a4c4d-a685-41ec-aa4f-de91da7ea1b0]

Started POST /posts for :: ::1 at Sat Jun 15 2024 20:36:25 GMT-0400 (hora estándar de Chile)
  Parameters in body: {"titulo":"hola","url":"https://i.pinimg.com/originals/e8/1e/f3/e81ef3656fb85874950a6dd5c69e9b46.jpg","descripcion":"pelicula la momia"}
Completed: 500 message:  Time response: 3 ms Request ID: [b3839072-a45d-4e48-bdca-d408e2851bae]

Started GET /posts for :: ::1 at Sat Jun 15 2024 20:40:12 GMT-0400 (hora estándar de Chile)
  Parameters in body: {}
Completed: 304 message:  Time response: 12 ms Request ID: [f46b0af2-bd7a-47bb-9ccb-100b604402d5]

Started GET /posts for :: ::1 at Sat Jun 15 2024 20:40:12 GMT-0400 (hora estándar de Chile)
  Parameters in body: {}
Completed: 304 message:  Time response: 5 ms Request ID: [cf00d674-caa8-4b05-8492-5a44eb14c944]

Started GET / for :: ::1 at Sat Jun 15 2024 20:40:22 GMT-0400 (hora estándar de Chile)
  Parameters in body: {}
Completed: 404 message:  Time response: 4 ms Request ID: [4d8459da-7375-4375-89b8-9aeb080a14cf]

Started GET / for :: ::1 at Sat Jun 15 2024 20:41:48 GMT-0400 (hora estándar de Chile)
  Parameters in body: {}
Completed: 404 message:  Time response: 6 ms Request ID: [def4742c-ca9c-47a7-b0c3-003fa51e2001]

Started GET /posts for :: ::1 at Sat Jun 15 2024 20:41:50 GMT-0400 (hora estándar de Chile)
  Parameters in body: {}
Started GET /posts for :: ::1 at Sat Jun 15 2024 20:41:50 GMT-0400 (hora estándar de Chile)
  Parameters in body: {}
Completed: 304 message:  Time response: 7 ms Request ID: [f9ca103b-3ab4-4249-b0d6-9121b0014dde]

Completed: 304 message:  Time response: 3 ms Request ID: [0418794c-4332-471d-bc64-7ee90a6f91cc]

Started GET / for :: ::1 at Sat Jun 15 2024 20:46:52 GMT-0400 (hora estándar de Chile)
  Parameters in body: {}
Completed: 404 message:  Time response: 9 ms Request ID: [ea125373-b9b8-4f8a-bc45-fc906fae56f8]

Started GET / for :: ::1 at Sat Jun 15 2024 20:53:54 GMT-0400 (hora estándar de Chile)
  Parameters in body: {}
Completed: 404 message:  Time response: 7 ms Request ID: [c29d82bb-9890-483e-a932-b350e96b12f0]

Started GET / for :: ::1 at Sat Jun 15 2024 20:54:42 GMT-0400 (hora estándar de Chile)
  Parameters in body: {}
Completed: 200 message:  Time response: 8 ms Request ID: [25c0b297-17cd-4b61-80c8-74ff672e2780]

Started GET /src/main.jsx for :: ::1 at Sat Jun 15 2024 20:54:42 GMT-0400 (hora estándar de Chile)
  Parameters in body: {}
Completed: 404 message:  Time response: 3 ms Request ID: [b1fc22f0-5ce8-44a5-af51-a4df65f334e5]

Started GET /vite.svg for :: ::1 at Sat Jun 15 2024 20:54:42 GMT-0400 (hora estándar de Chile)
  Parameters in body: {}
Completed: 404 message:  Time response: 2 ms Request ID: [760c10d6-f06d-438c-ba7f-983d1415b27e]

Started GET / for :: ::1 at Sat Jun 15 2024 20:54:47 GMT-0400 (hora estándar de Chile)
  Parameters in body: {}
Completed: 304 message:  Time response: 2 ms Request ID: [0c3d4470-3618-42f6-afe0-b3fb12d1c458]

Started GET /src/main.jsx for :: ::1 at Sat Jun 15 2024 20:54:47 GMT-0400 (hora estándar de Chile)
  Parameters in body: {}
Completed: 404 message:  Time response: 3 ms Request ID: [20ebdef3-2248-4643-b87b-599b84f07d1f]

Started GET /posts for :: ::1 at Sat Jun 15 2024 20:54:54 GMT-0400 (hora estándar de Chile)
  Parameters in body: {}
Completed: 304 message:  Time response: 63 ms Request ID: [0470710a-b6e2-4401-99cb-43741d2ee661]

Started GET /posts for :: ::1 at Sat Jun 15 2024 20:54:54 GMT-0400 (hora estándar de Chile)
  Parameters in body: {}
Completed: 304 message:  Time response: 3 ms Request ID: [1eb0fcaf-890f-4729-a218-18aa45b6b18c]

Started GET / for :: ::1 at Sat Jun 15 2024 20:56:55 GMT-0400 (hora estándar de Chile)
  Parameters in body: {}
Completed: 304 message:  Time response: 7 ms Request ID: [c76d3077-d3ac-4773-ae26-661bb94f3a1e]

Started GET /src/main.jsx for :: ::1 at Sat Jun 15 2024 20:56:55 GMT-0400 (hora estándar de Chile)
  Parameters in body: {}
Completed: 404 message:  Time response: 3 ms Request ID: [271f6c4e-0505-4e71-91ca-25d6b08770cb]

Started GET /posts for :: ::1 at Sat Jun 15 2024 20:57:05 GMT-0400 (hora estándar de Chile)
  Parameters in body: {}
Completed: 304 message:  Time response: 71 ms Request ID: [485a3b74-3fa6-42e2-afb7-fa52873a5eb6]

Started GET /posts for :: ::1 at Sat Jun 15 2024 20:57:05 GMT-0400 (hora estándar de Chile)
  Parameters in body: {}
Completed: 304 message:  Time response: 4 ms Request ID: [9ad6362c-f3d7-45d8-909c-0a7f4d0ff51b]

Started GET / for :: ::1 at Sat Jun 15 2024 21:03:05 GMT-0400 (hora estándar de Chile)
  Parameters in body: {}
Completed: 304 message:  Time response: 3 ms Request ID: [c33328c5-e6d5-47e4-9821-e8039e451915]

Started GET /src/main.jsx for :: ::1 at Sat Jun 15 2024 21:03:05 GMT-0400 (hora estándar de Chile)
  Parameters in body: {}
Completed: 404 message:  Time response: 3 ms Request ID: [8f1647dc-c166-4c81-a80c-debb8f9f714d]

Started GET /posts for :: ::1 at Sat Jun 15 2024 21:03:34 GMT-0400 (hora estándar de Chile)
  Parameters in body: {}
Completed: 304 message:  Time response: 73 ms Request ID: [d4fad854-3221-4364-aaf4-14226c890787]

Started GET /posts for :: ::1 at Sat Jun 15 2024 21:03:34 GMT-0400 (hora estándar de Chile)
  Parameters in body: {}
Completed: 304 message:  Time response: 4 ms Request ID: [34f0092b-32bb-4885-8b7e-489517f147a2]

Started POST /posts for :: ::1 at Sat Jun 15 2024 21:03:36 GMT-0400 (hora estándar de Chile)
  Parameters in body: {"titulo":"","url":"","descripcion":""}
Completed: 500 message:  Time response: 2 ms Request ID: [aa7f582f-c7a2-4d5b-bcb4-a00446c524d3]

Started GET / for :: ::1 at Sat Jun 15 2024 21:07:24 GMT-0400 (hora estándar de Chile)
  Parameters in body: {}
Completed: 500 message:  Time response: 7 ms Request ID: [44733580-2aa4-4026-8a28-a4396e164f1e]

Started GET / for :: ::1 at Sat Jun 15 2024 21:08:59 GMT-0400 (hora estándar de Chile)
  Parameters in body: {}
Completed: 404 message:  Time response: 8 ms Request ID: [b64183ac-8a4a-4b3a-8509-c2b4c96e1963]

Started GET /posts for :: ::1 at Sat Jun 15 2024 21:09:11 GMT-0400 (hora estándar de Chile)
  Parameters in body: {}
Completed: 404 message:  Time response: 13 ms Request ID: [14f39e09-217c-44df-8066-8dce10743e0f]

Started GET /posts for :: ::1 at Sat Jun 15 2024 21:09:11 GMT-0400 (hora estándar de Chile)
  Parameters in body: {}
Completed: 404 message:  Time response: 4 ms Request ID: [6e7e90cf-0df7-41c3-a157-3740a3e3c74e]

Started GET / for :: ::1 at Sat Jun 15 2024 21:10:20 GMT-0400 (hora estándar de Chile)
  Parameters in body: {}
Completed: 404 message:  Time response: 7 ms Request ID: [107978de-a669-45e7-9fbc-2c2e7860e42d]

Started GET / for :: ::1 at Sat Jun 15 2024 21:11:24 GMT-0400 (hora estándar de Chile)
  Parameters in body: {}
Completed: 404 message:  Time response: 7 ms Request ID: [1fd393c3-74bf-4620-81b6-b31936cbbe0c]

Started GET / for :: ::1 at Sat Jun 15 2024 21:19:19 GMT-0400 (hora estándar de Chile)
  Parameters in body: {}
Completed: 404 message:  Time response: 9 ms Request ID: [aea741be-131c-4049-ae8b-013415ad6c57]

Started GET /posts for :: ::1 at Sat Jun 15 2024 21:19:27 GMT-0400 (hora estándar de Chile)
  Parameters in body: {}
Started GET /posts for :: ::1 at Sat Jun 15 2024 21:19:27 GMT-0400 (hora estándar de Chile)
  Parameters in body: {}
Completed: 200 message:  Time response: 54 ms Request ID: [264765df-fb15-4c8c-a4c9-955a4cbc7dc9]

Completed: 304 message:  Time response: 5 ms Request ID: [60248a0c-6416-47de-ba77-e7d3bcd4128f]

Started GET / for :: ::1 at Sat Jun 15 2024 21:20:24 GMT-0400 (hora estándar de Chile)
  Parameters in body: {}
Completed: 200 message:  Time response: 7 ms Request ID: [6ca06eee-5019-4514-813d-3d93beee94a4]

Started GET /favicon.ico for :: ::1 at Sat Jun 15 2024 21:20:24 GMT-0400 (hora estándar de Chile)
  Parameters in body: {}
Completed: 404 message:  Time response: 5 ms Request ID: [6063f69d-0b79-44c5-976e-61190cead6e2]

Started GET / for :: ::1 at Sat Jun 15 2024 21:25:38 GMT-0400 (hora estándar de Chile)
  Parameters in body: [object Object]
Completed: 404 message:  Time response: 7 ms Request ID: [f4e52418-da13-4e82-9a0a-55c46fbe1663]

Started GET / for :: ::1 at Sat Jun 15 2024 21:25:59 GMT-0400 (hora estándar de Chile)
  Parameters in body: [object Object]
Completed: 404 message:  Time response: 12 ms Request ID: [84e0fe87-47e8-4bfe-8588-717d9e2ea374]

Started GET / for :: ::1 at Sat Jun 15 2024 21:26:00 GMT-0400 (hora estándar de Chile)
  Parameters in body: [object Object]
Completed: 404 message:  Time response: 3 ms Request ID: [01fb2ddc-4a65-4101-a27b-9d5f32eb7859]

Started GET / for :: ::1 at Sat Jun 15 2024 21:26:10 GMT-0400 (hora estándar de Chile)
  Parameters in body: [object Object]
Completed: 404 message:  Time response: 8 ms Request ID: [58645bff-0e47-4c24-ba03-105aaaf8fcc0]

Started GET / for :: ::1 at Sat Jun 15 2024 21:26:11 GMT-0400 (hora estándar de Chile)
  Parameters in body: [object Object]
Completed: 404 message:  Time response: 3 ms Request ID: [177df515-d701-4bc1-a676-31ada15f7e67]

Started GET / for :: ::1 at Sat Jun 15 2024 21:26:11 GMT-0400 (hora estándar de Chile)
  Parameters in body: [object Object]
Completed: 404 message:  Time response: 2 ms Request ID: [1dff7fc3-63da-4160-a7d9-7af0436d044e]

Started GET / for :: ::1 at Sat Jun 15 2024 21:26:11 GMT-0400 (hora estándar de Chile)
  Parameters in body: [object Object]
Completed: 404 message:  Time response: 3 ms Request ID: [1537ebe2-0c34-468d-8cd7-bde13f24a722]

Started GET / for :: ::1 at Sat Jun 15 2024 21:26:11 GMT-0400 (hora estándar de Chile)
  Parameters in body: [object Object]
Completed: 404 message:  Time response: 3 ms Request ID: [82cd0b1a-371c-49b8-8daf-cc189bb29851]

Started GET / for :: ::1 at Sat Jun 15 2024 21:26:11 GMT-0400 (hora estándar de Chile)
  Parameters in body: [object Object]
Completed: 404 message:  Time response: 3 ms Request ID: [df4bb33c-4a5f-41e0-8468-a6b6f3dfc038]

Started GET / for :: ::1 at Sat Jun 15 2024 21:27:19 GMT-0400 (hora estándar de Chile)
  Parameters in body: [object Object]
Completed: 404 message:  Time response: 8 ms Request ID: [eedf07e5-4e61-42be-b24d-227a143c6454]

Started GET / for :: ::1 at Sat Jun 15 2024 21:28:20 GMT-0400 (hora estándar de Chile)
  Parameters in body: [object Object]
Completed: 200 message:  Time response: 11 ms Request ID: [11ccc10f-cfb2-4cba-ba0c-77121d3a085f]

Started GET /src/main.jsx for :: ::1 at Sat Jun 15 2024 21:28:20 GMT-0400 (hora estándar de Chile)
  Parameters in body: [object Object]
Completed: 200 message:  Time response: 7 ms Request ID: [b89d9704-6270-4d84-bbb7-301301e617ea]

Started GET / for :: ::1 at Sat Jun 15 2024 21:30:17 GMT-0400 (hora estándar de Chile)
  Parameters in body: {}
Completed: 200 message:  Time response: 8 ms Request ID: [f6dfdc09-077f-4845-9a8b-5c4d2a6cb34f]

Started GET / for :: ::1 at Sat Jun 15 2024 21:32:36 GMT-0400 (hora estándar de Chile)
  Parameters in body: {}
Completed: 304 message:  Time response: 6 ms Request ID: [d017a525-6555-4bff-b920-f756a28ad3eb]

Started GET / for :: ::1 at Sat Jun 15 2024 21:33:34 GMT-0400 (hora estándar de Chile)
  Parameters in body: {}
Completed: 304 message:  Time response: 7 ms Request ID: [a104309e-a282-41bb-a968-2ee47c3f72e9]

Started GET /posts for :: ::1 at Sat Jun 15 2024 21:34:06 GMT-0400 (hora estándar de Chile)
  Parameters in body: {}
Completed: 304 message:  Time response: 50 ms Request ID: [94061fd9-e385-48d0-b6cb-0f80ea6e67aa]

Started GET /posts for :: ::1 at Sat Jun 15 2024 21:34:06 GMT-0400 (hora estándar de Chile)
  Parameters in body: {}
Completed: 304 message:  Time response: 4 ms Request ID: [9e388cb7-5df7-4c84-ae03-021eb9d66777]

Started GET / for :: ::1 at Sat Jun 15 2024 21:35:33 GMT-0400 (hora estándar de Chile)
  Parameters in body: {}
Completed: 304 message:  Time response: 7 ms Request ID: [d04b8416-275b-414b-8cbc-6141b8591fcd]

Started GET /posts for :: ::1 at Sat Jun 15 2024 21:35:35 GMT-0400 (hora estándar de Chile)
  Parameters in body: {}
Completed: 304 message:  Time response: 7 ms Request ID: [6d34136e-be79-4f5d-826b-c5f321e3d5ef]

Started GET /posts for :: ::1 at Sat Jun 15 2024 21:35:35 GMT-0400 (hora estándar de Chile)
  Parameters in body: {}
Completed: 304 message:  Time response: 4 ms Request ID: [2611709e-516a-4c08-88d9-ad49a3384e40]

Started GET / for :: ::1 at Sat Jun 15 2024 21:36:28 GMT-0400 (hora estándar de Chile)
  Parameters in body: {}
Completed: 500 message:  Time response: 7 ms Request ID: [5460588e-f05e-44f5-9471-5acf29c86402]

Started GET / for :: ::1 at Sat Jun 15 2024 21:36:54 GMT-0400 (hora estándar de Chile)
  Parameters in body: {}
Completed: 200 message:  Time response: 9 ms Request ID: [f1216c9a-61c0-4b0e-b14f-5931c1174329]

Started GET /src/main.jsx for :: ::1 at Sat Jun 15 2024 21:36:54 GMT-0400 (hora estándar de Chile)
  Parameters in body: {}
Completed: 404 message:  Time response: 5 ms Request ID: [96983f6f-392c-4078-9693-16011bd2a98c]

Started GET / for :: ::1 at Sat Jun 15 2024 21:38:07 GMT-0400 (hora estándar de Chile)
  Parameters in body: {}
Completed: 404 message:  Time response: 11 ms Request ID: [ee39b404-97aa-449c-b880-c216c0845432]

Started GET / for :: ::1 at Sat Jun 15 2024 21:39:04 GMT-0400 (hora estándar de Chile)
  Parameters in body: {}
Completed: 404 message:  Time response: 7 ms Request ID: [726534fe-8f2e-4203-a2db-b70727965549]

Started GET / for :: ::1 at Sat Jun 15 2024 21:39:05 GMT-0400 (hora estándar de Chile)
  Parameters in body: {}
Completed: 404 message:  Time response: 2 ms Request ID: [781ec33a-4866-4235-b8d0-4e94f0f6e268]

Started GET / for :: ::1 at Sat Jun 15 2024 21:39:34 GMT-0400 (hora estándar de Chile)
  Parameters in body: {}
Completed: 404 message:  Time response: 8 ms Request ID: [ee672e00-6cbc-4c95-bdb9-5ffc4a70ae13]

Started GET / for :: ::1 at Sat Jun 15 2024 21:41:18 GMT-0400 (hora estándar de Chile)
  Parameters in body: {}
Completed: 404 message:  Time response: 8 ms Request ID: [40912736-219b-4ac8-9168-d3a7e7d8c986]

Started GET / for :: ::1 at Sat Jun 15 2024 21:42:35 GMT-0400 (hora estándar de Chile)
  Parameters in body: {}
Completed: 404 message:  Time response: 8 ms Request ID: [3e48ba4a-b720-4cbb-b784-98d384a38c3d]

Started GET / for :: ::1 at Sat Jun 15 2024 21:48:21 GMT-0400 (hora estándar de Chile)
  Parameters in body: {}
Completed: 404 message:  Time response: 8 ms Request ID: [79ba6878-babc-4fe8-9d66-fdd5bcfccfe9]

Started GET / for :: ::1 at Sat Jun 15 2024 21:48:31 GMT-0400 (hora estándar de Chile)
  Parameters in body: {}
Completed: 200 message:  Time response: 7 ms Request ID: [615c8800-5a86-4f1c-a576-2708cd5b83eb]

Started GET /posts for :: ::1 at Sat Jun 15 2024 21:49:31 GMT-0400 (hora estándar de Chile)
  Parameters in body: {}
Completed: 304 message:  Time response: 91 ms Request ID: [c662d311-c351-4054-a6db-d02c530cbde4]

Started GET /posts for :: ::1 at Sat Jun 15 2024 21:49:31 GMT-0400 (hora estándar de Chile)
  Parameters in body: {}
Completed: 304 message:  Time response: 8 ms Request ID: [4c95600d-34a4-4c96-8b21-3c19e75a9122]

Started GET / for :: ::1 at Sat Jun 15 2024 21:49:35 GMT-0400 (hora estándar de Chile)
  Parameters in body: {}
Completed: 304 message:  Time response: 2 ms Request ID: [26c3fa25-0299-4526-9892-b7e40ab5ec90]

Started GET /posts for :: ::1 at Sat Jun 15 2024 22:01:47 GMT-0400 (hora estándar de Chile)
  Parameters in body: {}
Completed: 304 message:  Time response: 82 ms Request ID: [dbbf7fb6-f9bb-46f7-911e-fca7ba5ffc3f]

Started GET /posts for :: ::1 at Sat Jun 15 2024 22:01:47 GMT-0400 (hora estándar de Chile)
  Parameters in body: {}
Completed: 304 message:  Time response: 3 ms Request ID: [aef0a1cc-7c43-44df-a4a8-afe0cf375c29]

Started POST /posts for :: ::1 at Sat Jun 15 2024 22:09:39 GMT-0400 (hora estándar de Chile)
  Parameters in body: {"titulo":"la momia","url":"https://i.pinimg.com/originals/e8/1e/f3/e81ef3656fb85874950a6dd5c69e9b46.jpg","descripcion":"lamomia"}
Completed: 500 message:  Time response: 2 ms Request ID: [e8d6ab98-b587-48ed-af04-2d582e46f4b3]

Started GET /posts for :: ::1 at Sat Jun 15 2024 22:10:07 GMT-0400 (hora estándar de Chile)
  Parameters in body: {}
Completed: 304 message:  Time response: 32 ms Request ID: [4dc401b4-86f8-4cf8-bf44-2624fc85f77d]

Started POST /posts for :: ::1 at Sat Jun 15 2024 22:16:45 GMT-0400 (hora estándar de Chile)
  Parameters in body: {"titulo":"la momia","url":"https://i.pinimg.com/originals/e8/1e/f3/e81ef3656fb85874950a6dd5c69e9b46.jpg","descripcion":"lamomia"}
Completed: 500 message:  Time response: 4 ms Request ID: [2362da3f-19a9-4dcf-b038-20d4a7587be6]

Started GET /posts for :: ::1 at Sat Jun 15 2024 22:16:49 GMT-0400 (hora estándar de Chile)
  Parameters in body: {}
Completed: 304 message:  Time response: 43 ms Request ID: [0067c035-73df-4af4-8a7c-7c40ecedd6e3]

Started GET /posts for :: ::1 at Sat Jun 15 2024 22:16:49 GMT-0400 (hora estándar de Chile)
  Parameters in body: {}
Completed: 304 message:  Time response: 4 ms Request ID: [66e65638-0bd4-46f2-95bb-27d246d64212]

Started GET /posts for :: ::1 at Sat Jun 15 2024 22:19:03 GMT-0400 (hora estándar de Chile)
  Parameters in body: {}
Completed: 304 message:  Time response: 12 ms Request ID: [03fbce58-130f-46ce-b0c8-a558adef6682]

Started GET /posts for :: ::1 at Sat Jun 15 2024 22:19:03 GMT-0400 (hora estándar de Chile)
  Parameters in body: {}
Completed: 304 message:  Time response: 4 ms Request ID: [8eafa0ff-3366-404d-8c2b-7d594cb01eed]

Started POST /posts for :: ::1 at Sat Jun 15 2024 22:19:05 GMT-0400 (hora estándar de Chile)
  Parameters in body: {"titulo":"","url":"","descripcion":""}
Completed: 500 message:  Time response: 3 ms Request ID: [a3b53c3e-2027-4cb2-aa66-ad13ef1bd7fb]

Started GET /posts for :: ::1 at Sat Jun 15 2024 22:21:20 GMT-0400 (hora estándar de Chile)
  Parameters in body: {}
Completed: 200 message:  Time response: 52 ms Request ID: [203a4c69-e8f0-42eb-94d2-1ba025b00f3e]

Started GET /posts for :: ::1 at Sat Jun 15 2024 22:21:20 GMT-0400 (hora estándar de Chile)
  Parameters in body: {}
Completed: 304 message:  Time response: 4 ms Request ID: [63927b9b-d730-4e34-a2df-69d00e393616]

Started GET /posts for :: ::1 at Sat Jun 15 2024 22:24:02 GMT-0400 (hora estándar de Chile)
  Parameters in body: {}
Started GET /posts for :: ::1 at Sat Jun 15 2024 22:24:02 GMT-0400 (hora estándar de Chile)
  Parameters in body: {}
Completed: 304 message:  Time response: 10 ms Request ID: [31d1076d-9a5b-43ab-b8fe-6e3247e35e56]

Completed: 304 message:  Time response: 5 ms Request ID: [806c0d36-4e15-4e05-8b20-88cd48947f90]

Started POST /posts for :: ::1 at Sat Jun 15 2024 22:24:08 GMT-0400 (hora estándar de Chile)
  Parameters in body: {"titulo":"","url":"","descripcion":""}
Completed: 500 message:  Time response: 2 ms Request ID: [1baefedb-ac8a-4230-ae72-9ab122b4256a]

Started GET /posts for :: ::1 at Sat Jun 15 2024 22:27:36 GMT-0400 (hora estándar de Chile)
  Parameters in body: {}
Completed: 200 message:  Time response: 61 ms Request ID: [a051af29-c4b2-4dff-b809-b22b4a96a1b7]

Started GET /posts for :: ::1 at Sat Jun 15 2024 22:27:36 GMT-0400 (hora estándar de Chile)
  Parameters in body: {}
Completed: 304 message:  Time response: 60 ms Request ID: [1b9b2aef-dc62-48ef-a17b-f01f1a6bf7e3]

Started POST /posts for :: ::1 at Sat Jun 15 2024 22:27:41 GMT-0400 (hora estándar de Chile)
  Parameters in body: {"titulo":"","url":"","descripcion":""}
Completed: 500 message:  Time response: 2 ms Request ID: [2a00ae9c-07f6-43f6-9000-864a6bd01b5a]

Started GET /posts for :: ::1 at Sat Jun 15 2024 22:47:35 GMT-0400 (hora estándar de Chile)
  Parameters in body: {}
Completed: 200 message:  Time response: 68 ms Request ID: [5f1ceecf-6ce0-4bec-b4d5-939108e0e74e]

Started GET /posts for :: ::1 at Sat Jun 15 2024 22:47:35 GMT-0400 (hora estándar de Chile)
  Parameters in body: {}
Completed: 304 message:  Time response: 3 ms Request ID: [46baccaf-2e1e-458e-b12f-b6ff4344ac04]

Started POST /posts for :: ::1 at Sat Jun 15 2024 22:48:35 GMT-0400 (hora estándar de Chile)
  Parameters in body: {"titulo":"","url":"","descripcion":""}
Completed: 500 message:  Time response: 2 ms Request ID: [7b06a1c0-b789-45bf-bc9c-3f9f50f01390]

Started GET /posts for :: ::1 at Sat Jun 15 2024 22:50:36 GMT-0400 (hora estándar de Chile)
  Parameters in body: {}
Completed: 304 message:  Time response: 11 ms Request ID: [03b365b0-91b9-424c-930f-76a788ed8ece]

Started GET /posts for :: ::1 at Sat Jun 15 2024 22:50:36 GMT-0400 (hora estándar de Chile)
  Parameters in body: {}
Completed: 304 message:  Time response: 4 ms Request ID: [780599ff-6139-431b-83ab-b4178c9c6f3b]

Started POST /posts for :: ::1 at Sat Jun 15 2024 22:50:38 GMT-0400 (hora estándar de Chile)
  Parameters in body: {"titulo":"","url":"","descripcion":""}
Completed: 500 message:  Time response: 2 ms Request ID: [3a6acfd5-edc9-49f3-89c7-286bf3b2eb95]

Started POST /posts for :: ::1 at Sat Jun 15 2024 22:50:47 GMT-0400 (hora estándar de Chile)
  Parameters in body: {"titulo":"","url":"","descripcion":""}
Completed: 500 message:  Time response: 5 ms Request ID: [8bdbca50-8c12-4cd8-be10-ef00556a4b79]

Started GET /posts for :: ::1 at Sat Jun 15 2024 22:54:37 GMT-0400 (hora estándar de Chile)
  Parameters in body: {}
Completed: 304 message:  Time response: 11 ms Request ID: [5e402119-0c9e-403a-aaa7-037ff7bcad13]

Started GET /posts for :: ::1 at Sat Jun 15 2024 22:54:37 GMT-0400 (hora estándar de Chile)
  Parameters in body: {}
Completed: 304 message:  Time response: 5 ms Request ID: [9f23cece-e9fe-47b6-810a-aea6b5cfdc3b]

Started POST /posts for :: ::1 at Sat Jun 15 2024 22:54:40 GMT-0400 (hora estándar de Chile)
  Parameters in body: {"titulo":"","url":"","descripcion":""}
Completed: 201 message:  Time response: 72 ms Request ID: [373ba167-83e9-4cea-874f-00a8b7357a4f]

Started GET /posts for :: ::1 at Sat Jun 15 2024 22:54:40 GMT-0400 (hora estándar de Chile)
  Parameters in body: {}
Completed: 200 message:  Time response: 2 ms Request ID: [4e53ec22-d5d2-45bb-9412-b253801ea8bb]

Started POST /posts for :: ::1 at Sat Jun 15 2024 22:55:03 GMT-0400 (hora estándar de Chile)
  Parameters in body: {"titulo":"lamomia","url":"https://i.pinimg.com/originals/e8/1e/f3/e81ef3656fb85874950a6dd5c69e9b46.jpg","descripcion":"pelicula buena"}
Completed: 201 message:  Time response: 31 ms Request ID: [ed4fd020-7f7b-40b0-808a-2aa2b65212d0]

Started GET /posts for :: ::1 at Sat Jun 15 2024 22:55:03 GMT-0400 (hora estándar de Chile)
  Parameters in body: {}
Completed: 200 message:  Time response: 4 ms Request ID: [6038637f-d496-4152-8f7f-0ae3d54a3bd5]

Started GET /posts for :: ::1 at Sat Jun 15 2024 22:55:09 GMT-0400 (hora estándar de Chile)
  Parameters in body: {}
Completed: 304 message:  Time response: 3 ms Request ID: [2a8f3676-53b8-4eec-9e57-b1844f1fff35]

Started GET /posts for :: ::1 at Sat Jun 15 2024 23:00:54 GMT-0400 (hora estándar de Chile)
  Parameters in body: {}
Completed: 304 message:  Time response: 31 ms Request ID: [0b118258-6f9a-45dd-a00d-3084baa6725f]

Started POST /posts for :: ::1 at Sat Jun 15 2024 23:00:59 GMT-0400 (hora estándar de Chile)
  Parameters in body: {"titulo":"lamomia","url":"https://i.pinimg.com/originals/e8/1e/f3/e81ef3656fb85874950a6dd5c69e9b46.jpg","descripcion":"pelicula buena"}
Completed: 201 message:  Time response: 3 ms Request ID: [d68196f9-cf2d-445a-8fa1-2f85a2e3e0be]

Started GET /posts for :: ::1 at Sat Jun 15 2024 23:00:59 GMT-0400 (hora estándar de Chile)
  Parameters in body: {}
Completed: 200 message:  Time response: 2 ms Request ID: [ecb35323-19d8-4ac0-913d-2726b9ed5d93]

Started GET /posts for :: ::1 at Sat Jun 15 2024 23:01:02 GMT-0400 (hora estándar de Chile)
  Parameters in body: {}
Completed: 304 message:  Time response: 3 ms Request ID: [d6cb5be8-54d0-41f3-857c-3d4bb70ff322]

Started GET /posts for :: ::1 at Sat Jun 15 2024 23:01:02 GMT-0400 (hora estándar de Chile)
  Parameters in body: {}
Completed: 304 message:  Time response: 3 ms Request ID: [883994e5-bb2f-4ceb-9083-0c6dbe1c5e36]

Started POST /posts for :: ::1 at Sat Jun 15 2024 23:01:21 GMT-0400 (hora estándar de Chile)
  Parameters in body: {"titulo":"titulo","url":"https://i.pinimg.com/originals/e8/1e/f3/e81ef3656fb85874950a6dd5c69e9b46.jpg","descripcion":"lamomia"}
Completed: 201 message:  Time response: 30 ms Request ID: [560bce47-37d4-42c2-8f8c-03ed77572cc4]

Started GET /posts for :: ::1 at Sat Jun 15 2024 23:01:21 GMT-0400 (hora estándar de Chile)
  Parameters in body: {}
Completed: 200 message:  Time response: 2 ms Request ID: [af9eabfc-c92d-4014-a4d8-1ded8c41ddcf]

Started GET /posts for :: ::1 at Sat Jun 15 2024 23:01:37 GMT-0400 (hora estándar de Chile)
  Parameters in body: {}
Completed: 304 message:  Time response: 32 ms Request ID: [4e041ba1-322e-4add-a5c3-4197ea7adac8]

Started POST /posts for :: ::1 at Sat Jun 15 2024 23:03:56 GMT-0400 (hora estándar de Chile)
  Parameters in body: {"titulo":"titulo","url":"https://i.pinimg.com/originals/e8/1e/f3/e81ef3656fb85874950a6dd5c69e9b46.jpg","descripcion":"lamomia"}
Completed: 201 message:  Time response: 8 ms Request ID: [2a7df075-1148-4118-abb4-b3a3e2653f3f]

Started GET /posts for :: ::1 at Sat Jun 15 2024 23:03:56 GMT-0400 (hora estándar de Chile)
  Parameters in body: {}
Completed: 200 message:  Time response: 4 ms Request ID: [143ffb59-1ec6-4601-b4bb-458aa00000a8]

Started POST /posts for :: ::1 at Sat Jun 15 2024 23:04:20 GMT-0400 (hora estándar de Chile)
  Parameters in body: {"titulo":"titulo","url":"https://i.pinimg.com/originals/e8/1e/f3/e81ef3656fb85874950a6dd5c69e9b46.jpg","descripcion":"lamomia"}
Completed: 500 message:  Time response: 4 ms Request ID: [404d6a33-1ffd-494a-b764-68c5dbca4dad]

Started GET /posts for :: ::1 at Sat Jun 15 2024 23:04:28 GMT-0400 (hora estándar de Chile)
  Parameters in body: {}
Completed: 304 message:  Time response: 35 ms Request ID: [87cf251f-eec4-4d3f-a9b0-64049c8f42a8]

Started POST /posts for :: ::1 at Sat Jun 15 2024 23:04:36 GMT-0400 (hora estándar de Chile)
  Parameters in body: {"titulo":"titulo","url":"https://i.pinimg.com/originals/e8/1e/f3/e81ef3656fb85874950a6dd5c69e9b46.jpg","descripcion":"lamomia"}
Completed: 500 message:  Time response: 2 ms Request ID: [02f11d89-474e-451a-bc5b-5a3c944da48d]

Started GET /posts for :: ::1 at Sat Jun 15 2024 23:04:38 GMT-0400 (hora estándar de Chile)
  Parameters in body: {}
Completed: 304 message:  Time response: 31 ms Request ID: [40c645df-529b-4768-899e-483524ccb5f9]

Started GET /posts for :: ::1 at Sat Jun 15 2024 23:04:39 GMT-0400 (hora estándar de Chile)
  Parameters in body: {}
Completed: 304 message:  Time response: 3 ms Request ID: [7cc26b37-1ee8-4810-b40d-8826f1fc2c94]

Started POST /posts for :: ::1 at Sat Jun 15 2024 23:04:56 GMT-0400 (hora estándar de Chile)
  Parameters in body: {"titulo":"titulo","url":"https://i.pinimg.com/originals/e8/1e/f3/e81ef3656fb85874950a6dd5c69e9b46.jpg","descripcion":"lamomia"}
Completed: 201 message:  Time response: 34 ms Request ID: [74e61a89-200b-4f5c-bd89-51a35716aaca]

Started GET /posts for :: ::1 at Sat Jun 15 2024 23:04:56 GMT-0400 (hora estándar de Chile)
  Parameters in body: {}
Completed: 200 message:  Time response: 5 ms Request ID: [09f6aa2f-d410-4171-a7f6-1019814fa1ed]

Started GET /posts for :: ::1 at Sat Jun 15 2024 23:05:01 GMT-0400 (hora estándar de Chile)
  Parameters in body: {}
Completed: 304 message:  Time response: 4 ms Request ID: [1342c770-6ee4-46b0-ae02-1d5b828c7782]

Started GET /posts for :: ::1 at Sat Jun 15 2024 23:05:01 GMT-0400 (hora estándar de Chile)
  Parameters in body: {}
Completed: 304 message:  Time response: 3 ms Request ID: [696115d3-0abb-4dd9-a057-97732194f388]

Started POST /posts for :: ::1 at Sat Jun 15 2024 23:05:13 GMT-0400 (hora estándar de Chile)
  Parameters in body: {"titulo":"lamomia|","url":"https://i.pinimg.com/originals/e8/1e/f3/e81ef3656fb85874950a6dd5c69e9b46.jpg","descripcion":"hduiashdio"}
Completed: 201 message:  Time response: 30 ms Request ID: [fa1cac11-f921-4bd7-9556-79a5d9afa1a1]

Started GET /posts for :: ::1 at Sat Jun 15 2024 23:05:13 GMT-0400 (hora estándar de Chile)
  Parameters in body: {}
Completed: 200 message:  Time response: 3 ms Request ID: [a144896a-18db-4c84-b988-d9249620b5ff]

Started POST /posts for :: ::1 at Sat Jun 15 2024 23:07:03 GMT-0400 (hora estándar de Chile)
  Parameters in body: {"titulo":"lamomia|","url":"https://i.pinimg.com/originals/e8/1e/f3/e81ef3656fb85874950a6dd5c69e9b46.jpg","descripcion":"hduiashdio"}
Completed: 201 message:  Time response: 7 ms Request ID: [88a1771b-3e22-446e-b560-b29e04e3a71d]

Started GET /posts for :: ::1 at Sat Jun 15 2024 23:07:03 GMT-0400 (hora estándar de Chile)
  Parameters in body: {}
Completed: 200 message:  Time response: 5 ms Request ID: [a2af1258-4a1b-42ba-a89d-32c4d7ed32a1]

Started POST /posts for :: ::1 at Sat Jun 15 2024 23:07:19 GMT-0400 (hora estándar de Chile)
  Parameters in body: {"titulo":"lamomia|","url":"https://i.pinimg.com/originals/e8/1e/f3/e81ef3656fb85874950a6dd5c69e9b46.jpg","descripcion":"hduiashdio"}
Completed: 201 message:  Time response: 33 ms Request ID: [d09e93ec-7bd2-4b48-b587-8d4fc6ed5ba2]

Started GET /posts for :: ::1 at Sat Jun 15 2024 23:07:19 GMT-0400 (hora estándar de Chile)
  Parameters in body: {}
Completed: 200 message:  Time response: 4 ms Request ID: [dcb3fcc3-7075-4554-b633-7584620f73e3]

Started POST /posts for :: ::1 at Sat Jun 15 2024 23:07:20 GMT-0400 (hora estándar de Chile)
  Parameters in body: {"titulo":"lamomia|","url":"https://i.pinimg.com/originals/e8/1e/f3/e81ef3656fb85874950a6dd5c69e9b46.jpg","descripcion":"hduiashdio"}
Completed: 201 message:  Time response: 3 ms Request ID: [9b89703a-3c1c-418e-b743-82f1d253d512]

Started GET /posts for :: ::1 at Sat Jun 15 2024 23:07:20 GMT-0400 (hora estándar de Chile)
  Parameters in body: {}
Completed: 200 message:  Time response: 3 ms Request ID: [5d2a9913-349c-41bb-99bc-94e679a27fcd]

Started GET /posts for :: ::1 at Sat Jun 15 2024 23:07:24 GMT-0400 (hora estándar de Chile)
  Parameters in body: {}
Completed: 304 message:  Time response: 4 ms Request ID: [07a11365-ae26-4506-b2f0-a6c4e819078e]

Started GET /posts for :: ::1 at Sat Jun 15 2024 23:07:24 GMT-0400 (hora estándar de Chile)
  Parameters in body: {}
Completed: 304 message:  Time response: 35 ms Request ID: [a8171995-4ed4-45a7-ad22-f540b7a56eb5]

Started GET /posts for :: ::1 at Sat Jun 15 2024 23:07:31 GMT-0400 (hora estándar de Chile)
  Parameters in body: {}
Completed: 304 message:  Time response: 4 ms Request ID: [8da03326-a625-47d3-acf3-f78bdc0c758e]

Started GET /posts for :: ::1 at Sat Jun 15 2024 23:07:31 GMT-0400 (hora estándar de Chile)
  Parameters in body: {}
Completed: 304 message:  Time response: 4 ms Request ID: [21e0b465-533c-4cab-8e95-043d7ecb02fe]

Started GET /posts for :: ::1 at Sat Jun 15 2024 23:07:32 GMT-0400 (hora estándar de Chile)
  Parameters in body: {}
Completed: 304 message:  Time response: 4 ms Request ID: [a57dd723-7eeb-4d61-8e4e-30764bf9fe1f]

Started GET /posts for :: ::1 at Sat Jun 15 2024 23:07:32 GMT-0400 (hora estándar de Chile)
  Parameters in body: {}
Completed: 304 message:  Time response: 4 ms Request ID: [f9353e85-a45f-409d-9c50-e1eab56c7616]

Started GET /posts for :: ::1 at Sat Jun 15 2024 23:08:56 GMT-0400 (hora estándar de Chile)
  Parameters in body: {}
Completed: 304 message:  Time response: 76 ms Request ID: [9bff2ffc-ec58-4cbd-91a7-e94ed8fd01ee]

Started GET /posts for :: ::1 at Sat Jun 15 2024 23:08:56 GMT-0400 (hora estándar de Chile)
  Parameters in body: {}
Completed: 304 message:  Time response: 4 ms Request ID: [5914aae8-591b-40ab-b4b1-0eb5cb4bed9b]

Started POST /posts for :: ::1 at Sat Jun 15 2024 23:09:26 GMT-0400 (hora estándar de Chile)
  Parameters in body: {"titulo":"lamomia","url":"https://i.pinimg.com/originals/e8/1e/f3/e81ef3656fb85874950a6dd5c69e9b46.jpg","descripcion":"dfsdgdhgsdfgsa"}
Completed: 201 message:  Time response: 132 ms Request ID: [5acc8007-9cf8-4db8-88ee-8a3850e53c4a]

Started GET /posts for :: ::1 at Sat Jun 15 2024 23:09:26 GMT-0400 (hora estándar de Chile)
  Parameters in body: {}
Completed: 200 message:  Time response: 3 ms Request ID: [b78defce-a342-43c5-b6a7-00016acf55fe]

Started POST /posts for :: ::1 at Sat Jun 15 2024 23:19:42 GMT-0400 (hora estándar de Chile)
  Parameters in body: {"titulo":"lamomia","url":"https://i.pinimg.com/originals/e8/1e/f3/e81ef3656fb85874950a6dd5c69e9b46.jpg","descripcion":"dfsdgdhgsdfgsa"}
Completed: 201 message:  Time response: 7 ms Request ID: [1ab29bfe-45f0-46bd-b723-a94b57dfd363]

Started GET /posts for :: ::1 at Sat Jun 15 2024 23:19:42 GMT-0400 (hora estándar de Chile)
  Parameters in body: {}
Completed: 200 message:  Time response: 12 ms Request ID: [cedd7620-7af4-40b0-9ea8-b4165ab2545f]

Started POST /posts for :: ::1 at Sat Jun 15 2024 23:19:44 GMT-0400 (hora estándar de Chile)
  Parameters in body: {"titulo":"lamomia","url":"https://i.pinimg.com/originals/e8/1e/f3/e81ef3656fb85874950a6dd5c69e9b46.jpg","descripcion":"dfsdgdhgsdfgsa"}
Completed: 201 message:  Time response: 3 ms Request ID: [0ae186bc-f4ca-4df5-a9e7-04b74771feff]

Started GET /posts for :: ::1 at Sat Jun 15 2024 23:19:44 GMT-0400 (hora estándar de Chile)
  Parameters in body: {}
Completed: 200 message:  Time response: 9 ms Request ID: [33f117ad-56f9-4476-926e-265bb9e5c8cc]

Started POST /posts for :: ::1 at Sat Jun 15 2024 23:19:50 GMT-0400 (hora estándar de Chile)
  Parameters in body: {"titulo":"lamomia","url":"https://i.pinimg.com/originals/e8/1e/f3/e81ef3656fb85874950a6dd5c69e9b46.jpg","descripcion":"dfsdgdhgsdfgsa"}
Completed: 201 message:  Time response: 2 ms Request ID: [350311b2-6a09-454c-b880-ff1ba9392d76]

Started GET /posts for :: ::1 at Sat Jun 15 2024 23:19:50 GMT-0400 (hora estándar de Chile)
  Parameters in body: {}
Completed: 200 message:  Time response: 12 ms Request ID: [2de52f11-b823-4fc7-86db-1734fc4dbd47]

Started POST /posts for :: ::1 at Sat Jun 15 2024 23:25:36 GMT-0400 (hora estándar de Chile)
  Parameters in body: {"titulo":"lamomia","url":"https://i.pinimg.com/originals/e8/1e/f3/e81ef3656fb85874950a6dd5c69e9b46.jpg","descripcion":"dfsdgdhgsdfgsa"}
Completed: 201 message:  Time response: 7 ms Request ID: [3f26d5df-7e01-4aa3-9e54-bf02407da2f3]

Started GET /posts for :: ::1 at Sat Jun 15 2024 23:25:36 GMT-0400 (hora estándar de Chile)
  Parameters in body: {}
Completed: 200 message:  Time response: 14 ms Request ID: [1c947e66-42c8-4b9d-a399-d8fcb9515233]

Started POST /posts for :: ::1 at Sat Jun 15 2024 23:25:39 GMT-0400 (hora estándar de Chile)
  Parameters in body: {"titulo":"lamomia","url":"https://i.pinimg.com/originals/e8/1e/f3/e81ef3656fb85874950a6dd5c69e9b46.jpg","descripcion":"dfsdgdhgsdfgsa"}
Completed: 201 message:  Time response: 4 ms Request ID: [8a324bae-6525-417f-bc96-d275311b65e1]

Started GET /posts for :: ::1 at Sat Jun 15 2024 23:25:39 GMT-0400 (hora estándar de Chile)
  Parameters in body: {}
Completed: 200 message:  Time response: 11 ms Request ID: [fbe77f53-7146-4d09-b398-6508dc571320]

Started GET /posts for :: ::1 at Sat Jun 15 2024 23:25:42 GMT-0400 (hora estándar de Chile)
  Parameters in body: {}
Completed: 304 message:  Time response: 13 ms Request ID: [be4813dc-2de1-43fc-9a46-b3dd1d3ca428]

Started GET /posts for :: ::1 at Sat Jun 15 2024 23:25:42 GMT-0400 (hora estándar de Chile)
  Parameters in body: {}
Completed: 304 message:  Time response: 11 ms Request ID: [a4a96935-e5be-441f-b6c4-0a519b62c6ac]

Started GET /posts for :: ::1 at Sat Jun 15 2024 23:25:46 GMT-0400 (hora estándar de Chile)
  Parameters in body: {}
Completed: 304 message:  Time response: 11 ms Request ID: [6bc1ad8a-f457-46fe-b902-80b3603470f9]

Started GET /posts for :: ::1 at Sat Jun 15 2024 23:25:46 GMT-0400 (hora estándar de Chile)
  Parameters in body: {}
Completed: 304 message:  Time response: 11 ms Request ID: [8ef3a558-fb28-46f5-b882-e2ee02d7b9a4]

Started POST /posts for :: ::1 at Sat Jun 15 2024 23:35:54 GMT-0400 (hora estándar de Chile)
  Parameters in body: {"titulo":"","url":"","descripcion":""}
Completed: 201 message:  Time response: 8 ms Request ID: [e30c8921-82e4-4914-942f-55e74a4abf05]

Started GET /posts for :: ::1 at Sat Jun 15 2024 23:35:54 GMT-0400 (hora estándar de Chile)
  Parameters in body: {}
Completed: 200 message:  Time response: 13 ms Request ID: [e0ee46ee-2fea-4c84-ba15-8b1bbcb2a387]

Started POST /posts for :: ::1 at Sat Jun 15 2024 23:36:10 GMT-0400 (hora estándar de Chile)
  Parameters in body: {"titulo":"lamomia","url":"https://i.pinimg.com/originals/e8/1e/f3/e81ef3656fb85874950a6dd5c69e9b46.jpg","descripcion":"fadfas"}
Completed: 201 message:  Time response: 31 ms Request ID: [d91df4da-a330-49b8-b397-2b6c373209d1]

Started GET /posts for :: ::1 at Sat Jun 15 2024 23:36:10 GMT-0400 (hora estándar de Chile)
  Parameters in body: {}
Completed: 200 message:  Time response: 10 ms Request ID: [78d65584-1877-4ec3-ae77-a3aba322974d]

Started POST /posts for :: ::1 at Sat Jun 15 2024 23:37:00 GMT-0400 (hora estándar de Chile)
  Parameters in body: {"titulo":"lamomia","url":"https://i.pinimg.com/originals/e8/1e/f3/e81ef3656fb85874950a6dd5c69e9b46.jpg","descripcion":"fadfas"}
Completed: 201 message:  Time response: 31 ms Request ID: [8a669bb1-9a9a-40d8-aec4-5240b4056b2c]

Started GET /posts for :: ::1 at Sat Jun 15 2024 23:37:00 GMT-0400 (hora estándar de Chile)
  Parameters in body: {}
Completed: 200 message:  Time response: 10 ms Request ID: [10602349-b477-44ff-a827-a41c3e34f2e8]

Started POST /posts for :: ::1 at Sat Jun 15 2024 23:37:03 GMT-0400 (hora estándar de Chile)
  Parameters in body: {"titulo":"lamomia","url":"https://i.pinimg.com/originals/e8/1e/f3/e81ef3656fb85874950a6dd5c69e9b46.jpg","descripcion":"fadfas"}
Completed: 201 message:  Time response: 3 ms Request ID: [c7956b0f-ce97-403b-b5f9-1281713355ec]

Started GET /posts for :: ::1 at Sat Jun 15 2024 23:37:03 GMT-0400 (hora estándar de Chile)
  Parameters in body: {}
Completed: 200 message:  Time response: 9 ms Request ID: [be9f4ed0-5224-4e0f-a0f4-78a7d168b1b0]

Started POST /posts for :: ::1 at Sat Jun 15 2024 23:37:03 GMT-0400 (hora estándar de Chile)
  Parameters in body: {"titulo":"lamomia","url":"https://i.pinimg.com/originals/e8/1e/f3/e81ef3656fb85874950a6dd5c69e9b46.jpg","descripcion":"fadfas"}
Completed: 201 message:  Time response: 2 ms Request ID: [191b5d1d-8716-47c4-9d73-3e67df3e7313]

Started GET /posts for :: ::1 at Sat Jun 15 2024 23:37:03 GMT-0400 (hora estándar de Chile)
  Parameters in body: {}
Completed: 200 message:  Time response: 12 ms Request ID: [b937fd80-1b00-400c-a550-9f095dac5dea]

Started POST /posts for :: ::1 at Sat Jun 15 2024 23:37:04 GMT-0400 (hora estándar de Chile)
  Parameters in body: {"titulo":"lamomia","url":"https://i.pinimg.com/originals/e8/1e/f3/e81ef3656fb85874950a6dd5c69e9b46.jpg","descripcion":"fadfas"}
Completed: 201 message:  Time response: 3 ms Request ID: [87ed5d7a-2002-4613-ab57-e50c6a634d41]

Started GET /posts for :: ::1 at Sat Jun 15 2024 23:37:04 GMT-0400 (hora estándar de Chile)
  Parameters in body: {}
Completed: 200 message:  Time response: 11 ms Request ID: [f3411283-4909-4c6f-9ea1-d46041b25f9c]

Started POST /posts for :: ::1 at Sat Jun 15 2024 23:37:04 GMT-0400 (hora estándar de Chile)
  Parameters in body: {"titulo":"lamomia","url":"https://i.pinimg.com/originals/e8/1e/f3/e81ef3656fb85874950a6dd5c69e9b46.jpg","descripcion":"fadfas"}
Completed: 201 message:  Time response: 2 ms Request ID: [a26e638e-9fc6-4de8-a527-56455c10483e]

Started GET /posts for :: ::1 at Sat Jun 15 2024 23:37:04 GMT-0400 (hora estándar de Chile)
  Parameters in body: {}
Completed: 200 message:  Time response: 9 ms Request ID: [cd78565e-00e9-4a85-b084-c12003f44188]

Started POST /posts for :: ::1 at Sat Jun 15 2024 23:37:04 GMT-0400 (hora estándar de Chile)
  Parameters in body: {"titulo":"lamomia","url":"https://i.pinimg.com/originals/e8/1e/f3/e81ef3656fb85874950a6dd5c69e9b46.jpg","descripcion":"fadfas"}
Completed: 201 message:  Time response: 2 ms Request ID: [46779924-81e3-4377-ad7c-216cef4509c6]

Started GET /posts for :: ::1 at Sat Jun 15 2024 23:37:04 GMT-0400 (hora estándar de Chile)
  Parameters in body: {}
Completed: 200 message:  Time response: 10 ms Request ID: [8918b5ab-5c81-4202-bc3b-43d1e96cdf04]

Started POST /posts for :: ::1 at Sat Jun 15 2024 23:37:04 GMT-0400 (hora estándar de Chile)
  Parameters in body: {"titulo":"lamomia","url":"https://i.pinimg.com/originals/e8/1e/f3/e81ef3656fb85874950a6dd5c69e9b46.jpg","descripcion":"fadfas"}
Completed: 201 message:  Time response: 3 ms Request ID: [4175bf20-720b-4648-9e3b-48323c4e4cda]

Started GET /posts for :: ::1 at Sat Jun 15 2024 23:37:04 GMT-0400 (hora estándar de Chile)
  Parameters in body: {}
Completed: 200 message:  Time response: 11 ms Request ID: [2d2170b0-1005-40ff-a908-e6c78b78c0ee]

Started GET /posts for :: ::1 at Sat Jun 15 2024 23:39:41 GMT-0400 (hora estándar de Chile)
  Parameters in body: {}
Completed: 304 message:  Time response: 147 ms Request ID: [b5a01260-82fb-4a29-982c-c3562ac14d2e]

Started POST /posts for :: ::1 at Sat Jun 15 2024 23:40:30 GMT-0400 (hora estándar de Chile)
  Parameters in body: {"titulo":"lamomia","url":"https://i.pinimg.com/originals/e8/1e/f3/e81ef3656fb85874950a6dd5c69e9b46.jpg","descripcion":"fadfas"}
Completed: 201 message:  Time response: 30 ms Request ID: [64fdc0c0-e71b-4554-8e8f-0d15cbb3979b]

Started GET /posts for :: ::1 at Sat Jun 15 2024 23:40:30 GMT-0400 (hora estándar de Chile)
  Parameters in body: {}
Completed: 200 message:  Time response: 11 ms Request ID: [632a7460-ca15-4421-97ab-b2dd4c4ecc62]

Started POST /posts for :: ::1 at Sat Jun 15 2024 23:40:33 GMT-0400 (hora estándar de Chile)
  Parameters in body: {"titulo":"lamomia","url":"https://i.pinimg.com/originals/e8/1e/f3/e81ef3656fb85874950a6dd5c69e9b46.jpg","descripcion":"fadfas"}
Completed: 201 message:  Time response: 2 ms Request ID: [aa8ebf53-4651-474c-bb45-d47dfb5462d5]

Started GET /posts for :: ::1 at Sat Jun 15 2024 23:40:33 GMT-0400 (hora estándar de Chile)
  Parameters in body: {}
Completed: 200 message:  Time response: 12 ms Request ID: [2e656b28-8ed2-4f44-9906-2a16c30813ac]

Started POST /posts for :: ::1 at Sat Jun 15 2024 23:40:33 GMT-0400 (hora estándar de Chile)
  Parameters in body: {"titulo":"lamomia","url":"https://i.pinimg.com/originals/e8/1e/f3/e81ef3656fb85874950a6dd5c69e9b46.jpg","descripcion":"fadfas"}
Completed: 201 message:  Time response: 2 ms Request ID: [cc4bd97d-a55a-478a-94bf-1ce814facc46]

Started GET /posts for :: ::1 at Sat Jun 15 2024 23:40:33 GMT-0400 (hora estándar de Chile)
  Parameters in body: {}
Completed: 200 message:  Time response: 11 ms Request ID: [2ffa845f-3b07-44d8-a257-0f33373932da]

Started GET /posts for :: ::1 at Sat Jun 15 2024 23:43:07 GMT-0400 (hora estándar de Chile)
  Parameters in body: {}
Completed: 304 message:  Time response: 40 ms Request ID: [65b1a8e6-aea6-48e5-8fb1-563ca02abb92]

Started POST /posts for :: ::1 at Sat Jun 15 2024 23:43:15 GMT-0400 (hora estándar de Chile)
  Parameters in body: {"titulo":"lamomia","url":"https://i.pinimg.com/originals/e8/1e/f3/e81ef3656fb85874950a6dd5c69e9b46.jpg","descripcion":"fadfas"}
Completed: 201 message:  Time response: 3 ms Request ID: [535268fc-a0b4-4154-9000-4a1586397437]

Started GET /posts for :: ::1 at Sat Jun 15 2024 23:43:15 GMT-0400 (hora estándar de Chile)
  Parameters in body: {}
Completed: 200 message:  Time response: 12 ms Request ID: [f8684025-f482-4dc5-81a7-0b89afe3f0ce]

Started GET /posts for :: ::1 at Sat Jun 15 2024 23:44:52 GMT-0400 (hora estándar de Chile)
  Parameters in body: {}
Completed: 304 message:  Time response: 38 ms Request ID: [c3ca3602-5a75-40c0-b4a6-a86fe1a2a785]

Started DELETE /posts/575 for :: ::1 at Sat Jun 15 2024 23:45:02 GMT-0400 (hora estándar de Chile)
  Parameters in body: {}
Completed: 404 message:  Time response: 3 ms Request ID: [1a439a39-a822-4c42-b0f3-5e4184686615]

Started GET /posts for :: ::1 at Sat Jun 15 2024 23:45:54 GMT-0400 (hora estándar de Chile)
  Parameters in body: {}
Completed: 304 message:  Time response: 41 ms Request ID: [b635b252-0571-4659-803d-2909011b8b3d]

Started POST /posts for :: ::1 at Sat Jun 15 2024 23:46:18 GMT-0400 (hora estándar de Chile)
  Parameters in body: {"titulo":"lamomia","url":"https://i.pinimg.com/originals/e8/1e/f3/e81ef3656fb85874950a6dd5c69e9b46.jpg","descripcion":"fadfas"}
Completed: 201 message:  Time response: 6 ms Request ID: [07c1dfd4-71c2-4967-b0da-61ce4ccec8d4]

Started GET /posts for :: ::1 at Sat Jun 15 2024 23:46:18 GMT-0400 (hora estándar de Chile)
  Parameters in body: {}
Completed: 200 message:  Time response: 18 ms Request ID: [49190bc3-1ca0-4750-9edd-e76337e67709]

Started POST /posts for :: ::1 at Sat Jun 15 2024 23:46:50 GMT-0400 (hora estándar de Chile)
  Parameters in body: {"titulo":"lamomia","url":"https://i.pinimg.com/originals/e8/1e/f3/e81ef3656fb85874950a6dd5c69e9b46.jpg","descripcion":"fadfas"}
Completed: 201 message:  Time response: 7 ms Request ID: [c2f2dae3-de05-40ad-943d-3c56151ffc1b]

Started GET /posts for :: ::1 at Sat Jun 15 2024 23:46:50 GMT-0400 (hora estándar de Chile)
  Parameters in body: {}
Completed: 200 message:  Time response: 15 ms Request ID: [07312aa9-2db4-4cb1-89c3-4fcf15a9a328]

Started GET /posts for :: ::1 at Sat Jun 15 2024 23:49:06 GMT-0400 (hora estándar de Chile)
  Parameters in body: {}
Completed: 304 message:  Time response: 41 ms Request ID: [5804fd20-6934-4106-898d-e17a4e5d251b]

Started POST /posts for :: ::1 at Sat Jun 15 2024 23:49:12 GMT-0400 (hora estándar de Chile)
  Parameters in body: {"titulo":"lamomia","url":"https://i.pinimg.com/originals/e8/1e/f3/e81ef3656fb85874950a6dd5c69e9b46.jpg","descripcion":"fadfas"}
Completed: 201 message:  Time response: 3 ms Request ID: [6a096acf-393c-4483-b8e4-5adafeec4af3]

Started GET /posts for :: ::1 at Sat Jun 15 2024 23:49:12 GMT-0400 (hora estándar de Chile)
  Parameters in body: {}
Completed: 200 message:  Time response: 12 ms Request ID: [a2ac5352-0f6c-4ed0-bd64-1af34c981079]

Started GET /posts for :: ::1 at Sat Jun 15 2024 23:50:09 GMT-0400 (hora estándar de Chile)
  Parameters in body: {}
Completed: 304 message:  Time response: 42 ms Request ID: [ac959ddc-eec2-4fb8-a3bf-de7a1c9bf359]

Started POST /posts for :: ::1 at Sun Jun 16 2024 00:05:20 GMT-0400 (hora estándar de Chile)
  Parameters in body: {"titulo":"lamomia","url":"https://i.pinimg.com/originals/e8/1e/f3/e81ef3656fb85874950a6dd5c69e9b46.jpg","descripcion":"fadfas"}
Completed: 201 message:  Time response: 34 ms Request ID: [154d00e2-d3ae-4b15-9f67-d16d07b5251d]

Started GET /posts for :: ::1 at Sun Jun 16 2024 00:05:20 GMT-0400 (hora estándar de Chile)
  Parameters in body: {}
Completed: 200 message:  Time response: 17 ms Request ID: [c10c0810-351f-446d-bf47-b2e9f2aca233]

Started GET /posts for :: ::1 at Sun Jun 16 2024 00:05:23 GMT-0400 (hora estándar de Chile)
  Parameters in body: {}
Completed: 304 message:  Time response: 19 ms Request ID: [97262db8-cfb9-458c-97c6-e19954a796d4]

Started GET /posts for :: ::1 at Sun Jun 16 2024 00:05:23 GMT-0400 (hora estándar de Chile)
  Parameters in body: {}
Completed: 304 message:  Time response: 31 ms Request ID: [2cb589db-0609-4a25-b680-8c68d2fa355e]

Started GET /posts for :: ::1 at Sun Jun 16 2024 00:08:52 GMT-0400 (hora estándar de Chile)
  Parameters in body: {}
Completed: 304 message:  Time response: 50 ms Request ID: [1026f472-25ef-4df5-81e7-1d196304826c]

Started GET /posts for :: ::1 at Sun Jun 16 2024 00:08:52 GMT-0400 (hora estándar de Chile)
  Parameters in body: {}
Completed: 304 message:  Time response: 14 ms Request ID: [214c474c-0ef5-4c7a-88bf-15e5058f9f0c]

Started GET /posts for :: ::1 at Sun Jun 16 2024 00:12:54 GMT-0400 (hora estándar de Chile)
  Parameters in body: {}
Completed: 304 message:  Time response: 47 ms Request ID: [f8ec7c3d-1ceb-43dd-8ad5-25296f84c1e1]

Started GET /posts for :: ::1 at Sun Jun 16 2024 00:12:54 GMT-0400 (hora estándar de Chile)
  Parameters in body: {}
Completed: 304 message:  Time response: 15 ms Request ID: [8d08de95-61e0-493a-a82a-795c7e672247]

Started GET /posts for :: ::1 at Sun Jun 16 2024 00:13:13 GMT-0400 (hora estándar de Chile)
  Parameters in body: {}
Completed: 304 message:  Time response: 61 ms Request ID: [41104234-14d4-41b9-a3e9-fd481647e4c1]

Started GET /posts for :: ::1 at Sun Jun 16 2024 00:13:13 GMT-0400 (hora estándar de Chile)
  Parameters in body: {}
Completed: 304 message:  Time response: 18 ms Request ID: [fdf1e323-f153-4b30-8ebd-76980e90d544]

Started GET /posts for :: ::1 at Sun Jun 16 2024 00:14:21 GMT-0400 (hora estándar de Chile)
  Parameters in body: {}
Started GET /posts for :: ::1 at Sun Jun 16 2024 00:14:21 GMT-0400 (hora estándar de Chile)
  Parameters in body: {}
Completed: 304 message:  Time response: 29 ms Request ID: [2052d9f1-3966-462e-b966-231cc16024e6]

Completed: 304 message:  Time response: 20 ms Request ID: [37ea44ba-59e0-4f22-a855-c0ff400229b4]

Started GET /posts for :: ::1 at Sun Jun 16 2024 00:14:51 GMT-0400 (hora estándar de Chile)
  Parameters in body: {}
Completed: 304 message:  Time response: 41 ms Request ID: [4f459215-e735-4699-a0de-d468e293aa93]

Started GET /posts for :: ::1 at Sun Jun 16 2024 00:19:15 GMT-0400 (hora estándar de Chile)
  Parameters in body: {}
Completed: 200 message:  Time response: 33 ms Request ID: [a3f278c0-31c9-467c-b5bf-89f43a89cf95]

Started GET /posts for :: ::1 at Sun Jun 16 2024 00:19:19 GMT-0400 (hora estándar de Chile)
  Parameters in body: {}
Completed: 304 message:  Time response: 3 ms Request ID: [8c20b319-7a20-43db-9c67-3ad076f0a334]

Started GET /posts for :: ::1 at Sun Jun 16 2024 00:19:19 GMT-0400 (hora estándar de Chile)
  Parameters in body: {}
Completed: 304 message:  Time response: 3 ms Request ID: [ce1ac8eb-2f2c-4d8b-b615-507fbe8d5988]

Started POST /posts for :: ::1 at Sun Jun 16 2024 00:21:31 GMT-0400 (hora estándar de Chile)
  Parameters in body: {"titulo":"la momia","url":"https://gcdn.emol.cl/los-90/files/2022/07/AV.jpg","descripcion":"Película de aventura del año 1999"}
Completed: 201 message:  Time response: 31 ms Request ID: [81e9a4f8-1c06-497a-b544-4f0cdbcecb99]

Started GET /posts for :: ::1 at Sun Jun 16 2024 00:21:31 GMT-0400 (hora estándar de Chile)
  Parameters in body: {}
Completed: 200 message:  Time response: 4 ms Request ID: [29271a1e-0773-4371-879d-0817cd9d938a]

Started GET /posts for :: ::1 at Sun Jun 16 2024 00:22:06 GMT-0400 (hora estándar de Chile)
  Parameters in body: {}
Completed: 304 message:  Time response: 29 ms Request ID: [8aa1c8ac-3d6c-4a0c-8ead-9b0c005ac154]

Started GET /posts for :: ::1 at Sun Jun 16 2024 00:23:13 GMT-0400 (hora estándar de Chile)
  Parameters in body: {}
Completed: 304 message:  Time response: 36 ms Request ID: [8e084774-1175-43c2-a665-782570887e77]

Started GET /posts for :: ::1 at Sun Jun 16 2024 00:25:01 GMT-0400 (hora estándar de Chile)
  Parameters in body: {}
Completed: 304 message:  Time response: 30 ms Request ID: [dcd4d621-4a65-496d-b640-e0efbab4c451]

Started POST /posts for :: ::1 at Sun Jun 16 2024 00:25:04 GMT-0400 (hora estándar de Chile)
  Parameters in body: {"titulo":"la momia","url":"https://gcdn.emol.cl/los-90/files/2022/07/AV.jpg","descripcion":"Película de aventura del año 1999"}
Completed: 201 message:  Time response: 5 ms Request ID: [d8cb104b-48ab-4302-955a-767b8cd16f16]

Started GET /posts for :: ::1 at Sun Jun 16 2024 00:25:04 GMT-0400 (hora estándar de Chile)
  Parameters in body: {}
Completed: 200 message:  Time response: 4 ms Request ID: [2e1b8356-f922-47e3-978f-459eaf2f145b]

Started GET /posts for :: ::1 at Sun Jun 16 2024 00:25:12 GMT-0400 (hora estándar de Chile)
  Parameters in body: {}
Completed: 304 message:  Time response: 4 ms Request ID: [fabed736-8f6c-464b-a90f-41ad555541da]

Started DELETE /posts/3164 for :: ::1 at Sun Jun 16 2024 00:25:16 GMT-0400 (hora estándar de Chile)
  Parameters in body: {}
Completed: 404 message:  Time response: 4 ms Request ID: [b2d6f5d3-0fd8-4c9c-8b16-ad2a1ff4e4b1]

Started GET /posts for :: ::1 at Sun Jun 16 2024 00:25:21 GMT-0400 (hora estándar de Chile)
  Parameters in body: {}
Completed: 304 message:  Time response: 3 ms Request ID: [834d6041-44e0-418f-b395-410941e92fba]

Started GET /posts for :: ::1 at Sun Jun 16 2024 09:19:00 GMT-0400 (hora estándar de Chile)
  Parameters in body: {}
Completed: 304 message:  Time response: 36 ms Request ID: [accf0317-b1e8-44f9-b079-16e9f95269cb]

Started GET /posts for :: ::1 at Sun Jun 16 2024 09:19:00 GMT-0400 (hora estándar de Chile)
  Parameters in body: {}
Completed: 304 message:  Time response: 7 ms Request ID: [af445d78-1fbb-41d0-bd35-9919ca56aeaa]

Started GET /posts for :: ::1 at Sun Jun 16 2024 09:19:02 GMT-0400 (hora estándar de Chile)
  Parameters in body: {}
Completed: 304 message:  Time response: 4 ms Request ID: [ec347e4a-fd7a-4bb2-8154-a5aad3c60749]

Started GET /posts for :: ::1 at Sun Jun 16 2024 09:21:25 GMT-0400 (hora estándar de Chile)
  Parameters in body: {}
Completed: 304 message:  Time response: 164 ms Request ID: [b9e42b14-5ef2-4ea1-9fe8-2e15d45825fb]

Started POST /posts for :: ::1 at Sun Jun 16 2024 09:21:42 GMT-0400 (hora estándar de Chile)
  Parameters in body: {"titulo":"la momia","url":"https://gcdn.emol.cl/los-90/files/2022/07/AV.jpg","descripcion":"Película de aventura del año 1999"}
Completed: 201 message:  Time response: 42 ms Request ID: [cc1e3885-1583-494c-803b-bf17199dd24f]

Started GET /posts for :: ::1 at Sun Jun 16 2024 09:21:42 GMT-0400 (hora estándar de Chile)
  Parameters in body: {}
Completed: 200 message:  Time response: 4 ms Request ID: [8ea1151b-3a56-4a9a-b6c4-58dabac0b6d7]

Started GET /posts for :: ::1 at Sun Jun 16 2024 09:21:54 GMT-0400 (hora estándar de Chile)
  Parameters in body: {}
Completed: 304 message:  Time response: 52 ms Request ID: [176c4259-cff0-4f38-84c1-628a7e1f5f25]

Started GET /posts for :: ::1 at Sun Jun 16 2024 09:23:34 GMT-0400 (hora estándar de Chile)
  Parameters in body: {}
Completed: 304 message:  Time response: 34 ms Request ID: [5e84415f-2ed1-4b11-b35a-54923253ad43]

Started GET /posts for :: ::1 at Sun Jun 16 2024 09:23:46 GMT-0400 (hora estándar de Chile)
  Parameters in body: {}
Completed: 304 message:  Time response: 29 ms Request ID: [c253b3c3-4199-4740-bd42-6ee0f8ba2c9c]

Started GET /posts for :: ::1 at Sun Jun 16 2024 09:25:53 GMT-0400 (hora estándar de Chile)
  Parameters in body: {}
Completed: 304 message:  Time response: 19 ms Request ID: [5ceed035-1d9f-42df-b10b-c07e604ee973]

Started GET /posts for :: ::1 at Sun Jun 16 2024 09:25:53 GMT-0400 (hora estándar de Chile)
  Parameters in body: {}
Completed: 304 message:  Time response: 23 ms Request ID: [ce3c9a58-cbe7-430f-8134-d0a0c894ef85]

Started GET /posts for :: ::1 at Sun Jun 16 2024 09:26:03 GMT-0400 (hora estándar de Chile)
  Parameters in body: {}
Completed: 304 message:  Time response: 5 ms Request ID: [8f53d843-b085-4241-bbde-261bd97de3e0]

Started POST /posts for :: ::1 at Sun Jun 16 2024 09:27:38 GMT-0400 (hora estándar de Chile)
  Parameters in body: {"titulo":"","url":"","descripcion":""}
Completed: 201 message:  Time response: 8 ms Request ID: [b442d15b-dfb4-4c2d-a76c-ad02516e7395]

Started GET /posts for :: ::1 at Sun Jun 16 2024 09:27:38 GMT-0400 (hora estándar de Chile)
  Parameters in body: {}
Completed: 200 message:  Time response: 8 ms Request ID: [bc1c4b77-bb36-4c67-a393-b71891585b3f]

Started GET /posts for :: ::1 at Sun Jun 16 2024 09:27:46 GMT-0400 (hora estándar de Chile)
  Parameters in body: {}
Completed: 304 message:  Time response: 4 ms Request ID: [0dc732af-d5c9-4819-be5d-5fd860ed8d05]

Started GET /posts for :: ::1 at Sun Jun 16 2024 09:52:22 GMT-0400 (hora estándar de Chile)
  Parameters in body: {}
Completed: 304 message:  Time response: 100 ms Request ID: [99482940-d96e-4bdf-82cd-efe780258a35]

Started GET /posts for :: ::1 at Sun Jun 16 2024 09:52:22 GMT-0400 (hora estándar de Chile)
  Parameters in body: {}
Completed: 304 message:  Time response: 10 ms Request ID: [1e93a026-8d81-46c0-b798-c0cdc67667fc]

Started GET /posts for :: ::1 at Sun Jun 16 2024 09:52:29 GMT-0400 (hora estándar de Chile)
  Parameters in body: {}
Completed: 304 message:  Time response: 4 ms Request ID: [844c3ed5-0c03-4583-a8cf-a6a29d32ebf8]

Started GET /posts for :: ::1 at Sun Jun 16 2024 09:52:29 GMT-0400 (hora estándar de Chile)
  Parameters in body: {}
Completed: 304 message:  Time response: 7 ms Request ID: [b9fb8da4-59b0-4f95-82f6-b84390937405]

Started GET /posts for :: ::1 at Sun Jun 16 2024 09:52:31 GMT-0400 (hora estándar de Chile)
  Parameters in body: {}
Completed: 304 message:  Time response: 6 ms Request ID: [1f52fcad-a353-4ed4-a203-e5e8e81359d0]

Started GET /posts for :: ::1 at Sun Jun 16 2024 09:52:31 GMT-0400 (hora estándar de Chile)
  Parameters in body: {}
Completed: 304 message:  Time response: 8 ms Request ID: [4d7c97c9-a2be-43cf-88b7-4a51ed5941c9]

Started GET /posts for :: ::1 at Sun Jun 16 2024 10:00:08 GMT-0400 (hora estándar de Chile)
  Parameters in body: {}
Completed: 304 message:  Time response: 43 ms Request ID: [232214b6-85c2-4509-82a3-74526150c864]

Started GET /posts for :: ::1 at Sun Jun 16 2024 10:01:22 GMT-0400 (hora estándar de Chile)
  Parameters in body: {}
Completed: 200 message:  Time response: 142 ms Request ID: [819c2b54-3879-4304-923d-055f42671958]

Started GET /posts for :: ::1 at Sun Jun 16 2024 10:01:26 GMT-0400 (hora estándar de Chile)
  Parameters in body: {}
Completed: 304 message:  Time response: 4 ms Request ID: [aab415b0-e185-4e3d-bba7-33f35241953a]

Started GET /posts for :: ::1 at Sun Jun 16 2024 10:01:26 GMT-0400 (hora estándar de Chile)
  Parameters in body: {}
Completed: 304 message:  Time response: 4 ms Request ID: [3843a4a6-1286-460f-b62a-47c2a0b57919]

Started POST /posts for :: ::1 at Sun Jun 16 2024 10:02:22 GMT-0400 (hora estándar de Chile)
  Parameters in body: {"titulo":"la momia","url":"https://i1.wp.com/esbarrio.com/wp-content/uploads/2021/07/5-1.jpg?is-pending-load=1","descripcion":"Película de aventura creada en el año 1999..."}
Completed: 201 message:  Time response: 38 ms Request ID: [22ca9b4a-ebbd-4985-8388-c17294fc3961]

Started GET /posts for :: ::1 at Sun Jun 16 2024 10:02:22 GMT-0400 (hora estándar de Chile)
  Parameters in body: {}
Completed: 200 message:  Time response: 5 ms Request ID: [b16e727e-a658-4986-8bf2-1a47cb1cf22c]

Started GET /posts for :: ::1 at Sun Jun 16 2024 10:02:39 GMT-0400 (hora estándar de Chile)
  Parameters in body: {}
Completed: 304 message:  Time response: 31 ms Request ID: [713da0a1-e77a-416f-912f-d13128fbb9d2]
