
Started GET /posts for :: ::1 at Sat Jun 22 2024 13:55:20 GMT-0400 (hora estándar de Chile)
  Parameters in body: {}
Started GET /posts for :: ::1 at Sat Jun 22 2024 13:55:20 GMT-0400 (hora estándar de Chile)
  Parameters in body: {}
Completed: 304 message:  Time response: 65 ms Request ID: [3b6b4fb2-b47d-43be-be16-83b5196cbd99]

Completed: 304 message:  Time response: 10 ms Request ID: [cb168cf1-288c-4f7b-a4ec-43f91c042dc1]

Started GET /posts for :: ::1 at Sat Jun 22 2024 13:55:41 GMT-0400 (hora estándar de Chile)
  Parameters in body: {}
Completed: 200 message:  Time response: 47 ms Request ID: [4dae3110-be83-449c-bd48-577dcb807bdd]

Started GET /posts for :: ::1 at Sat Jun 22 2024 13:55:41 GMT-0400 (hora estándar de Chile)
  Parameters in body: {}
Completed: 304 message:  Time response: 3 ms Request ID: [a7d49998-ccc2-41d0-b42a-ee4c3786ce9c]

Started POST /posts for :: ::1 at Sat Jun 22 2024 13:55:53 GMT-0400 (hora estándar de Chile)
  Parameters in body: {"titulo":"la momia ","url":"https://pics.filmaffinity.com/La_momia-480639046-large.jpg","descripcion":"blabla"}
Completed: 201 message:  Time response: 38 ms Request ID: [5b2a12c0-4c09-4ffc-a458-18f7b5236005]

Started GET /posts for :: ::1 at Sat Jun 22 2024 13:55:53 GMT-0400 (hora estándar de Chile)
  Parameters in body: {}
Completed: 200 message:  Time response: 5 ms Request ID: [4faede5e-586d-47d9-ad0f-4fbf92ada1d6]

Started GET /posts for :: ::1 at Sat Jun 22 2024 13:56:59 GMT-0400 (hora estándar de Chile)
  Parameters in body: {}
Completed: 304 message:  Time response: 132 ms Request ID: [6d2295fb-15fc-4100-8442-72f18db09088]

Started GET /posts for :: ::1 at Sat Jun 22 2024 13:57:22 GMT-0400 (hora estándar de Chile)
  Parameters in body: {}
Completed: 304 message:  Time response: 53 ms Request ID: [123d381c-9c04-416c-be6e-40602f813c2d]

Started GET /posts for :: ::1 at Sat Jun 22 2024 13:57:23 GMT-0400 (hora estándar de Chile)
  Parameters in body: {}
Completed: 304 message:  Time response: 5 ms Request ID: [cdc2c412-be5d-453a-905b-039170c64ce8]

Started POST /posts for :: ::1 at Sat Jun 22 2024 13:58:12 GMT-0400 (hora estándar de Chile)
  Parameters in body: {"titulo":"dasd","url":"https://www.okchicas.com/wp-content/uploads/2022/10/brendan-fraser-is-open-to-the-mummy-4-in-link-tank-700x700.jpeg","descripcion":"dasdas"}
Completed: 201 message:  Time response: 38 ms Request ID: [74630c62-47c6-4462-8ed4-bb7a3372907d]

Started GET /posts for :: ::1 at Sat Jun 22 2024 13:58:12 GMT-0400 (hora estándar de Chile)
  Parameters in body: {}
Completed: 200 message:  Time response: 8 ms Request ID: [6ef2cdb2-cda4-4abe-b83c-0f647e6553f4]

Started GET /posts for :: ::1 at Sat Jun 22 2024 13:58:27 GMT-0400 (hora estándar de Chile)
  Parameters in body: {}
Completed: 200 message:  Time response: 67 ms Request ID: [05cd956e-e422-47d3-8b97-7ae88f4912cb]

Started GET /posts for :: ::1 at Sat Jun 22 2024 13:58:27 GMT-0400 (hora estándar de Chile)
  Parameters in body: {}
Completed: 304 message:  Time response: 4 ms Request ID: [633d9cec-7af0-4336-9d8e-20891b3f6766]

Started POST /posts for :: ::1 at Sat Jun 22 2024 13:58:47 GMT-0400 (hora estándar de Chile)
  Parameters in body: {"titulo":"la momia","url":"https://www.okchicas.com/wp-content/uploads/2022/10/brendan-fraser-is-open-to-the-mummy-4-in-link-tank-700x700.jpeg","descripcion":"pelicula de aventuras del año 1990"}
Completed: 201 message:  Time response: 32 ms Request ID: [8fc919a5-cec0-4e46-92ee-55ce92aa7bb4]

Started GET /posts for :: ::1 at Sat Jun 22 2024 13:58:47 GMT-0400 (hora estándar de Chile)
  Parameters in body: {}
Completed: 200 message:  Time response: 4 ms Request ID: [b1ffd4c6-410b-401a-b4b5-4216a6273392]

Started PUT /posts/like/5597 for :: ::1 at Sat Jun 22 2024 14:12:28 GMT-0400 (hora estándar de Chile)
  Parameters in body: {}
Completed: 404 message:  Time response: 5 ms Request ID: [3963816f-d916-479a-b319-7bde07035b2c]

Started PUT /posts/like/5597 for :: ::1 at Sat Jun 22 2024 14:16:02 GMT-0400 (hora estándar de Chile)
  Parameters in body: {}
Completed: 404 message:  Time response: 5 ms Request ID: [a714269c-60b3-4a1d-bc90-61ef8518725e]

Started PUT /posts/like/5597 for :: ::1 at Sat Jun 22 2024 14:21:11 GMT-0400 (hora estándar de Chile)
  Parameters in body: {}
Completed: 404 message:  Time response: 4 ms Request ID: [e4eb511c-1faa-4b0d-aff5-7c96d52ecf85]

Started GET /posts for :: ::1 at Sat Jun 22 2024 14:21:40 GMT-0400 (hora estándar de Chile)
  Parameters in body: {}
Completed: 304 message:  Time response: 52 ms Request ID: [7b71af69-a283-4a69-94e6-b3db02f573aa]

Started GET /posts for :: ::1 at Sat Jun 22 2024 14:21:40 GMT-0400 (hora estándar de Chile)
  Parameters in body: {}
Completed: 304 message:  Time response: 5 ms Request ID: [89843429-a16e-4c9a-8f6e-e79e62aee6d9]

Started GET /posts for :: ::1 at Sat Jun 22 2024 14:21:49 GMT-0400 (hora estándar de Chile)
  Parameters in body: {}
Completed: 304 message:  Time response: 4 ms Request ID: [f431d6e7-4d6c-4bea-9a59-be31142eebff]

Started POST /posts for :: ::1 at Sat Jun 22 2024 14:24:53 GMT-0400 (hora estándar de Chile)
  Parameters in body: {"titulo":"la momia","url":"https://www.okchicas.com/wp-content/uploads/2022/10/brendan-fraser-is-open-to-the-mummy-4-in-link-tank-700x700.jpeg","descripcion":"pelicula de aventuras del año 1990"}
Completed: 201 message:  Time response: 8 ms Request ID: [449acfe2-f229-4243-a23a-c651749088b6]

Started GET /posts for :: ::1 at Sat Jun 22 2024 14:24:53 GMT-0400 (hora estándar de Chile)
  Parameters in body: {}
Completed: 200 message:  Time response: 8 ms Request ID: [4a42aa6d-cb7b-4a25-becf-43c3d2afea3e]

Started GET /posts for :: ::1 at Sat Jun 22 2024 14:24:57 GMT-0400 (hora estándar de Chile)
  Parameters in body: {}
Completed: 304 message:  Time response: 5 ms Request ID: [51051b31-7c4c-4d3b-908e-187f1a9659e4]

Started PUT /posts/like/1429 for :: ::1 at Sat Jun 22 2024 14:26:56 GMT-0400 (hora estándar de Chile)
  Parameters in body: {}
Completed: 404 message:  Time response: 5 ms Request ID: [5c9a56f3-2bfa-41a3-ba0b-35e246167d94]

Started POST /posts for :: ::1 at Sat Jun 22 2024 14:28:09 GMT-0400 (hora estándar de Chile)
  Parameters in body: {"titulo":"la momia","url":"https://www.okchicas.com/wp-content/uploads/2022/10/brendan-fraser-is-open-to-the-mummy-4-in-link-tank-700x700.jpeg","descripcion":"pelicula de aventuras del año 1990"}
Completed: 201 message:  Time response: 37 ms Request ID: [3c08c67d-b9fb-4c46-b208-4f95529ebbe6]

Started GET /posts for :: ::1 at Sat Jun 22 2024 14:28:10 GMT-0400 (hora estándar de Chile)
  Parameters in body: {}
Completed: 200 message:  Time response: 7 ms Request ID: [64ab652c-dddb-4f4b-8449-052d171c6721]

Started PUT /posts/like/131 for :: ::1 at Sat Jun 22 2024 14:28:13 GMT-0400 (hora estándar de Chile)
  Parameters in body: {}
Completed: 404 message:  Time response: 3 ms Request ID: [11b97166-5709-4161-824c-9ca620dac99e]

Started GET /posts for :: ::1 at Sat Jun 22 2024 14:28:15 GMT-0400 (hora estándar de Chile)
  Parameters in body: {}
Completed: 304 message:  Time response: 5 ms Request ID: [9e115c3a-b66d-4d32-9944-6baca3c1093f]

Started PUT /posts/like/131 for :: ::1 at Sat Jun 22 2024 14:28:34 GMT-0400 (hora estándar de Chile)
  Parameters in body: {}
Completed: 404 message:  Time response: 1 ms Request ID: [d495549e-6539-44a8-8977-a0fd93b779c6]

Started PUT /posts/like/131 for :: ::1 at Sat Jun 22 2024 14:30:03 GMT-0400 (hora estándar de Chile)
  Parameters in body: {}
Completed: 404 message:  Time response: 5 ms Request ID: [35c980b1-20f9-48ef-8ae2-e5b14622e12a]

Started PUT /posts/like/131 for :: ::1 at Sat Jun 22 2024 14:30:58 GMT-0400 (hora estándar de Chile)
  Parameters in body: {}
Completed: 404 message:  Time response: 5 ms Request ID: [61b9604e-cdd7-4109-8593-52932124d21c]

Started GET /posts for :: ::1 at Sat Jun 22 2024 14:31:00 GMT-0400 (hora estándar de Chile)
  Parameters in body: {}
Completed: 304 message:  Time response: 10 ms Request ID: [08f1547b-35a3-4ad8-a880-ecd4020e31b5]

Started GET /posts for :: ::1 at Sat Jun 22 2024 14:31:00 GMT-0400 (hora estándar de Chile)
  Parameters in body: {}
Completed: 304 message:  Time response: 5 ms Request ID: [830a4611-5c7f-4f77-bcda-8cc81be5881d]

Started PUT /posts/like/131 for :: ::1 at Sat Jun 22 2024 14:31:01 GMT-0400 (hora estándar de Chile)
  Parameters in body: {}
Completed: 404 message:  Time response: 2 ms Request ID: [3164a431-6148-4d27-b761-7e51667a4fb1]

Started PUT /posts/like/131 for :: ::1 at Sat Jun 22 2024 14:33:46 GMT-0400 (hora estándar de Chile)
  Parameters in body: {}
Completed: 404 message:  Time response: 4 ms Request ID: [629c802a-7db8-4326-9384-9afdc6d242a2]

Started GET /posts for :: ::1 at Sat Jun 22 2024 14:44:21 GMT-0400 (hora estándar de Chile)
  Parameters in body: {}
Started GET /posts for :: ::1 at Sat Jun 22 2024 14:44:21 GMT-0400 (hora estándar de Chile)
  Parameters in body: {}
Completed: 304 message:  Time response: 63 ms Request ID: [952afbdd-7d31-4de4-8be5-279c179cd4e7]

Completed: 304 message:  Time response: 5 ms Request ID: [bccb33ae-5fcf-40b5-a7d1-53c5c62653aa]

Started PUT /posts/like/131 for :: ::1 at Sat Jun 22 2024 14:44:24 GMT-0400 (hora estándar de Chile)
  Parameters in body: {}
Completed: 200 message:  Time response: 5 ms Request ID: [14c33f08-94fd-4b2c-ac95-bfcac7b98cad]

Started GET /posts for :: ::1 at Sat Jun 22 2024 14:44:24 GMT-0400 (hora estándar de Chile)
  Parameters in body: {}
Completed: 200 message:  Time response: 3 ms Request ID: [42ae98af-c5ba-44be-a0f4-a736fc7f6ab7]

Started PUT /posts/like/131 for :: ::1 at Sat Jun 22 2024 14:44:28 GMT-0400 (hora estándar de Chile)
  Parameters in body: {}
Completed: 200 message:  Time response: 3 ms Request ID: [7e52abc3-408c-4fa6-a512-33a74834522f]

Started GET /posts for :: ::1 at Sat Jun 22 2024 14:44:28 GMT-0400 (hora estándar de Chile)
  Parameters in body: {}
Completed: 200 message:  Time response: 3 ms Request ID: [f46a41b0-164c-4730-93c6-3408f99dfdb6]

Started DELETE /posts/131 for :: ::1 at Sat Jun 22 2024 14:51:13 GMT-0400 (hora estándar de Chile)
  Parameters in body: {}
Started DELETE /posts/131 for :: ::1 at Sat Jun 22 2024 14:51:50 GMT-0400 (hora estándar de Chile)
  Parameters in body: {}
Completed: 200 message:  Time response: 7 ms Request ID: [4b61a0c3-4a26-41d5-96d1-2c64a59f80a8]

Started GET /posts for :: ::1 at Sat Jun 22 2024 14:51:50 GMT-0400 (hora estándar de Chile)
  Parameters in body: {}
Completed: 200 message:  Time response: 4 ms Request ID: [3905390b-87a9-4f16-946a-b2205369e0b4]

Started GET /posts for :: ::1 at Sat Jun 22 2024 16:34:36 GMT-0400 (hora estándar de Chile)
  Parameters in body: {}
Completed: 304 message:  Time response: 149 ms Request ID: [c679aa30-fd8b-4e9b-8f8c-640c51b18d6d]

Started GET /posts for :: ::1 at Sat Jun 22 2024 16:34:37 GMT-0400 (hora estándar de Chile)
  Parameters in body: {}
Completed: 304 message:  Time response: 4 ms Request ID: [ab45ca89-e7ad-4807-9c06-8cfdcd5f1277]

Started POST /posts for :: ::1 at Sat Jun 22 2024 16:34:53 GMT-0400 (hora estándar de Chile)
  Parameters in body: {"titulo":"la momia","url":"https://www.okchicas.com/wp-content/uploads/2022/10/brendan-fraser-is-open-to-the-mummy-4-in-link-tank-700x700.jpeg","descripcion":"pelicula del año 1999"}
Completed: 201 message:  Time response: 36 ms Request ID: [def6f8a8-d923-4ad1-8a20-226351271c52]

Started GET /posts for :: ::1 at Sat Jun 22 2024 16:34:53 GMT-0400 (hora estándar de Chile)
  Parameters in body: {}
Completed: 200 message:  Time response: 7 ms Request ID: [d99a8490-f75c-4aa6-9cc1-3f408ff7e83a]

Started PUT /posts/like/5209 for :: ::1 at Sat Jun 22 2024 16:34:54 GMT-0400 (hora estándar de Chile)
  Parameters in body: {}
Completed: 200 message:  Time response: 3 ms Request ID: [a2ee5651-4463-4d25-8a3f-02b361d413f8]

Started GET /posts for :: ::1 at Sat Jun 22 2024 16:34:54 GMT-0400 (hora estándar de Chile)
  Parameters in body: {}
Completed: 200 message:  Time response: 4 ms Request ID: [b29cf237-84a0-444c-b6ee-af5641c48e8a]

Started GET /posts for :: ::1 at Sat Jun 22 2024 17:27:16 GMT-0400 (hora estándar de Chile)
  Parameters in body: {}
Completed: 304 message:  Time response: 160 ms Request ID: [dfc65cb7-1541-43b8-bc86-421fbd830902]

Started GET /posts for :: ::1 at Sat Jun 22 2024 17:27:16 GMT-0400 (hora estándar de Chile)
  Parameters in body: {}
Completed: 304 message:  Time response: 5 ms Request ID: [b0acf2f0-16ef-41d4-84c0-279bfd2bbdc7]

Started PUT /posts/like/5209 for :: ::1 at Sat Jun 22 2024 17:27:19 GMT-0400 (hora estándar de Chile)
  Parameters in body: {}
Completed: 200 message:  Time response: 40 ms Request ID: [70b04284-ef7f-4dd7-a5df-d2963a963bb2]

Started GET /posts for :: ::1 at Sat Jun 22 2024 17:27:19 GMT-0400 (hora estándar de Chile)
  Parameters in body: {}
Completed: 200 message:  Time response: 4 ms Request ID: [76b4d8ae-36ba-44f2-9917-7c52b95d1e8e]

Started GET /posts for :: ::1 at Sat Jun 22 2024 17:27:23 GMT-0400 (hora estándar de Chile)
  Parameters in body: {}
Completed: 304 message:  Time response: 6 ms Request ID: [ad62e79b-981a-4d04-a898-37bfe0a4d5ab]
