
Started GET /posts for :: ::1 at Sun Jun 23 2024 19:30:45 GMT-0400 (hora estándar de Chile)
  Parameters in body: {}
Completed: 304 message:  Time response: 84 ms Request ID: [4b062519-153b-4ba2-aa2d-30257bb296aa]

Started GET /posts for :: ::1 at Sun Jun 23 2024 19:30:47 GMT-0400 (hora estándar de Chile)
  Parameters in body: {}
Completed: 304 message:  Time response: 5 ms Request ID: [4640586a-0d0f-41f2-8f34-609a57b7fd43]

Started GET /posts for :: ::1 at Sun Jun 23 2024 19:30:47 GMT-0400 (hora estándar de Chile)
  Parameters in body: {}
Completed: 304 message:  Time response: 4 ms Request ID: [a71fbb2d-f30c-451c-a0b2-7ed4d95e7a83]

Started GET /posts for :: ::1 at Sun Jun 23 2024 19:30:48 GMT-0400 (hora estándar de Chile)
  Parameters in body: {}
Completed: 304 message:  Time response: 5 ms Request ID: [034093f6-8b83-4c57-be66-5712b724cb67]

Started PUT /posts/like/5209 for :: ::1 at Sun Jun 23 2024 19:30:52 GMT-0400 (hora estándar de Chile)
  Parameters in body: {}
Completed: 200 message:  Time response: 35 ms Request ID: [d662a244-deb3-4f24-9091-764b7ec80845]

Started GET /posts for :: ::1 at Sun Jun 23 2024 19:30:52 GMT-0400 (hora estándar de Chile)
  Parameters in body: {}
Completed: 200 message:  Time response: 3 ms Request ID: [b5613c43-b714-44a0-80bf-f6a9f8965c6b]

Started PUT /posts/like/5209 for :: ::1 at Sun Jun 23 2024 19:34:59 GMT-0400 (hora estándar de Chile)
  Parameters in body: {}
Completed: 200 message:  Time response: 9 ms Request ID: [e1cbe896-5232-4f59-b2b3-e6847ce79caf]

Started GET /posts for :: ::1 at Sun Jun 23 2024 19:34:59 GMT-0400 (hora estándar de Chile)
  Parameters in body: {}
Completed: 200 message:  Time response: 6 ms Request ID: [3d48c7a5-bddd-49da-b6e8-2f53143b74f9]

Started POST /posts for :: ::1 at Sun Jun 23 2024 19:37:46 GMT-0400 (hora estándar de Chile)
  Parameters in body: {"titulo":"fsdfsd","url":"fsdfsd","descripcion":"fsdfsdf"}
Completed: 201 message:  Time response: 71 ms Request ID: [afcdaa7d-9169-442a-bb34-a6644ce13d4c]

Started GET /posts for :: ::1 at Sun Jun 23 2024 19:37:46 GMT-0400 (hora estándar de Chile)
  Parameters in body: {}
Completed: 200 message:  Time response: 8 ms Request ID: [24358add-ebbe-4152-93f6-0469c6d79856]

Started PUT /posts/like/5020 for :: ::1 at Sun Jun 23 2024 19:37:49 GMT-0400 (hora estándar de Chile)
  Parameters in body: {}
Completed: 200 message:  Time response: 4 ms Request ID: [8be71d4b-035f-40d1-af94-f7581872dece]

Started GET /posts for :: ::1 at Sun Jun 23 2024 19:37:49 GMT-0400 (hora estándar de Chile)
  Parameters in body: {}
Completed: 200 message:  Time response: 5 ms Request ID: [2828d7b2-8d23-4c21-9108-f7c072d9906e]

Started PUT /posts/like/5020 for :: ::1 at Sun Jun 23 2024 19:37:49 GMT-0400 (hora estándar de Chile)
  Parameters in body: {}
Completed: 200 message:  Time response: 3 ms Request ID: [1468bff4-3305-43bb-b40c-c65100f3b39d]

Started GET /posts for :: ::1 at Sun Jun 23 2024 19:37:49 GMT-0400 (hora estándar de Chile)
  Parameters in body: {}
Completed: 200 message:  Time response: 5 ms Request ID: [b5a82ec5-8dc5-4e31-b4ac-44fc7b3e2251]

Started PUT /posts/like/5020 for :: ::1 at Sun Jun 23 2024 19:37:49 GMT-0400 (hora estándar de Chile)
  Parameters in body: {}
Completed: 200 message:  Time response: 4 ms Request ID: [f8c8d2c1-6044-427d-a628-fdd8c3d2d5e8]

Started GET /posts for :: ::1 at Sun Jun 23 2024 19:37:49 GMT-0400 (hora estándar de Chile)
  Parameters in body: {}
Completed: 200 message:  Time response: 5 ms Request ID: [08ee3658-ad5b-4b16-8dc4-18c3ee32e86a]

Started PUT /posts/like/5020 for :: ::1 at Sun Jun 23 2024 19:38:21 GMT-0400 (hora estándar de Chile)
  Parameters in body: {}
Completed: 200 message:  Time response: 8 ms Request ID: [11dceea5-555d-40c5-b895-27c2fd73f3fd]

Started GET /posts for :: ::1 at Sun Jun 23 2024 19:38:21 GMT-0400 (hora estándar de Chile)
  Parameters in body: {}
Completed: 200 message:  Time response: 7 ms Request ID: [2eecc9fa-fa22-4894-920e-0ec0c464bf8a]

Started PUT /posts/like/5020 for :: ::1 at Sun Jun 23 2024 19:38:22 GMT-0400 (hora estándar de Chile)
  Parameters in body: {}
Completed: 200 message:  Time response: 3 ms Request ID: [ad4f7986-5b71-48f3-a433-ccaccf641c4d]

Started GET /posts for :: ::1 at Sun Jun 23 2024 19:38:22 GMT-0400 (hora estándar de Chile)
  Parameters in body: {}
Completed: 200 message:  Time response: 5 ms Request ID: [3e6d2efb-641a-4d9e-be16-06b608200bb0]

Started DELETE /posts/5020 for :: ::1 at Sun Jun 23 2024 19:38:23 GMT-0400 (hora estándar de Chile)
  Parameters in body: {}
Completed: 200 message:  Time response: 2 ms Request ID: [7eef51cb-316c-4832-ac9b-e3968ca9e362]

Started GET /posts for :: ::1 at Sun Jun 23 2024 19:38:23 GMT-0400 (hora estándar de Chile)
  Parameters in body: {}
Completed: 200 message:  Time response: 3 ms Request ID: [a07cc220-e6f6-4a96-a4e9-e2725c438253]

Started POST /posts for :: ::1 at Sun Jun 23 2024 19:38:24 GMT-0400 (hora estándar de Chile)
  Parameters in body: {"titulo":"fsdfsd","url":"fsdfsd","descripcion":"fsdfsdf"}
Completed: 201 message:  Time response: 3 ms Request ID: [b2073e87-bf17-41b8-a002-fb5c9ae83390]

Started GET /posts for :: ::1 at Sun Jun 23 2024 19:38:24 GMT-0400 (hora estándar de Chile)
  Parameters in body: {}
Completed: 200 message:  Time response: 5 ms Request ID: [9c352c7f-4fa9-4286-b083-3aff617ffa09]

Started PUT /posts/like/2836 for :: ::1 at Sun Jun 23 2024 19:38:26 GMT-0400 (hora estándar de Chile)
  Parameters in body: {}
Completed: 200 message:  Time response: 3 ms Request ID: [a6776532-83e5-4169-a804-116c2a3dd006]

Started GET /posts for :: ::1 at Sun Jun 23 2024 19:38:26 GMT-0400 (hora estándar de Chile)
  Parameters in body: {}
Completed: 200 message:  Time response: 4 ms Request ID: [01fd7bfe-6bce-4bc7-bc3e-6179cff2e954]

Started PUT /posts/like/2836 for :: ::1 at Sun Jun 23 2024 19:38:26 GMT-0400 (hora estándar de Chile)
  Parameters in body: {}
Completed: 200 message:  Time response: 4 ms Request ID: [eadd96d1-52eb-4aca-bc76-6f1e0e6758b8]

Started GET /posts for :: ::1 at Sun Jun 23 2024 19:38:26 GMT-0400 (hora estándar de Chile)
  Parameters in body: {}
Completed: 200 message:  Time response: 4 ms Request ID: [5dfba557-5c2d-4956-b07d-b9df80955ff8]

Started PUT /posts/like/2836 for :: ::1 at Sun Jun 23 2024 19:38:26 GMT-0400 (hora estándar de Chile)
  Parameters in body: {}
Completed: 200 message:  Time response: 3 ms Request ID: [d45a670e-2937-4648-9280-6e17f2722cb0]

Started GET /posts for :: ::1 at Sun Jun 23 2024 19:38:26 GMT-0400 (hora estándar de Chile)
  Parameters in body: {}
Completed: 200 message:  Time response: 6 ms Request ID: [dafc4e36-61e3-4487-b839-2d62bafa522c]

Started GET /posts for :: ::1 at Sun Jun 23 2024 19:38:29 GMT-0400 (hora estándar de Chile)
  Parameters in body: {}
Completed: 304 message:  Time response: 7 ms Request ID: [023c5268-5264-4357-b439-fc5f5017e493]

Started DELETE /posts/2836 for :: ::1 at Sun Jun 23 2024 19:48:54 GMT-0400 (hora estándar de Chile)
  Parameters in body: {}
Completed: 200 message:  Time response: 9 ms Request ID: [953176ac-7bf7-426f-b37e-602546e492dd]

Started GET /posts for :: ::1 at Sun Jun 23 2024 19:48:54 GMT-0400 (hora estándar de Chile)
  Parameters in body: {}
Completed: 200 message:  Time response: 6 ms Request ID: [6b62eaae-8ba5-4f12-8efa-4739aec0a162]

Started POST /posts for :: ::1 at Sun Jun 23 2024 19:48:55 GMT-0400 (hora estándar de Chile)
  Parameters in body: {"titulo":"fsdfsd","url":"fsdfsd","descripcion":"fsdfsdf"}
Completed: 201 message:  Time response: 4 ms Request ID: [f0004c24-828f-4712-bd00-1ad291c2ef97]

Started GET /posts for :: ::1 at Sun Jun 23 2024 19:48:55 GMT-0400 (hora estándar de Chile)
  Parameters in body: {}
Completed: 200 message:  Time response: 4 ms Request ID: [ab9ae8d3-c450-410f-a21f-64642a625028]

Started PUT /posts/like/5410 for :: ::1 at Sun Jun 23 2024 19:48:57 GMT-0400 (hora estándar de Chile)
  Parameters in body: {}
Completed: 200 message:  Time response: 3 ms Request ID: [ea093538-49ff-480a-8621-4ea86063718e]

Started GET /posts for :: ::1 at Sun Jun 23 2024 19:48:57 GMT-0400 (hora estándar de Chile)
  Parameters in body: {}
Completed: 200 message:  Time response: 5 ms Request ID: [1d9c960b-da4d-4425-be4a-db3fd6c4ee81]

Started PUT /posts/like/5410 for :: ::1 at Sun Jun 23 2024 19:48:57 GMT-0400 (hora estándar de Chile)
  Parameters in body: {}
Completed: 200 message:  Time response: 3 ms Request ID: [f5eaaff8-21e5-49df-810d-51788face079]

Started GET /posts for :: ::1 at Sun Jun 23 2024 19:48:57 GMT-0400 (hora estándar de Chile)
  Parameters in body: {}
Completed: 200 message:  Time response: 4 ms Request ID: [fc5493c4-784b-4797-983a-35a008dd0a4e]

Started PUT /posts/like/5410 for :: ::1 at Sun Jun 23 2024 19:48:57 GMT-0400 (hora estándar de Chile)
  Parameters in body: {}
Completed: 200 message:  Time response: 3 ms Request ID: [5459ad72-744e-4a5a-82a8-aa6b981b0df4]

Started GET /posts for :: ::1 at Sun Jun 23 2024 19:48:57 GMT-0400 (hora estándar de Chile)
  Parameters in body: {}
Completed: 200 message:  Time response: 6 ms Request ID: [db4dfdae-fa64-4219-bcfe-0d88e6310568]

Started PUT /posts/like/5410 for :: ::1 at Sun Jun 23 2024 19:48:57 GMT-0400 (hora estándar de Chile)
  Parameters in body: {}
Completed: 200 message:  Time response: 3 ms Request ID: [3925ebaf-d15d-4f74-9c0f-5e7ac4f7b734]

Started GET /posts for :: ::1 at Sun Jun 23 2024 19:48:57 GMT-0400 (hora estándar de Chile)
  Parameters in body: {}
Completed: 200 message:  Time response: 5 ms Request ID: [e70f9698-6f6e-41a2-b3ee-3d5e8c648c47]

Started PUT /posts/like/5410 for :: ::1 at Sun Jun 23 2024 19:48:57 GMT-0400 (hora estándar de Chile)
  Parameters in body: {}
Completed: 200 message:  Time response: 3 ms Request ID: [bb95cf17-4daf-4fd8-b9fc-5e929fd1da1a]

Started GET /posts for :: ::1 at Sun Jun 23 2024 19:48:57 GMT-0400 (hora estándar de Chile)
  Parameters in body: {}
Completed: 200 message:  Time response: 4 ms Request ID: [3056ca4c-d8c7-4597-a83e-1d688b077436]

Started GET /posts for :: ::1 at Sun Jun 23 2024 19:49:00 GMT-0400 (hora estándar de Chile)
  Parameters in body: {}
Completed: 304 message:  Time response: 6 ms Request ID: [8ac0374e-b6e7-49c2-afaf-8f3ab5d38ddf]
